[2017-07-03T16:55:10.017+0200] [glassfish 4.0] [INFO] [NCLS-LOGGING-00009] [javax.enterprise.logging] [tid: _ThreadID=1 _ThreadName=main] [timeMillis: 1499093710017] [levelValue: 800] [[
  Running GlassFish Version: GlassFish Server Open Source Edition  4.0  (build 89)]]

[2017-07-03T16:55:10.019+0200] [glassfish 4.0] [INFO] [NCLS-LOGGING-00010] [javax.enterprise.logging] [tid: _ThreadID=1 _ThreadName=main] [timeMillis: 1499093710019] [levelValue: 800] [[
  Server log file is using Formatter class: com.sun.enterprise.server.logging.ODLLogFormatter]]

[2017-07-03T16:55:10.112+0200] [glassfish 4.0] [INFO] [realm.loaded.successfully] [javax.enterprise.system.core.security.com.sun.enterprise.security.auth.realm] [tid: _ThreadID=1 _ThreadName=main] [timeMillis: 1499093710112] [levelValue: 800] [[
  SEC1115: Realm [admin-realm] of classtype [com.sun.enterprise.security.auth.realm.file.FileRealm] successfully created.]]

[2017-07-03T16:55:10.113+0200] [glassfish 4.0] [INFO] [realm.loaded.successfully] [javax.enterprise.system.core.security.com.sun.enterprise.security.auth.realm] [tid: _ThreadID=1 _ThreadName=main] [timeMillis: 1499093710113] [levelValue: 800] [[
  SEC1115: Realm [file] of classtype [com.sun.enterprise.security.auth.realm.file.FileRealm] successfully created.]]

[2017-07-03T16:55:10.116+0200] [glassfish 4.0] [INFO] [realm.loaded.successfully] [javax.enterprise.system.core.security.com.sun.enterprise.security.auth.realm] [tid: _ThreadID=1 _ThreadName=main] [timeMillis: 1499093710116] [levelValue: 800] [[
  SEC1115: Realm [certificate] of classtype [com.sun.enterprise.security.auth.realm.certificate.CertificateRealm] successfully created.]]

[2017-07-03T16:55:10.325+0200] [glassfish 4.0] [INFO] [] [javax.enterprise.system.core] [tid: _ThreadID=1 _ThreadName=main] [timeMillis: 1499093710325] [levelValue: 800] [[
  Grizzly Framework 2.3.1 started in: 32ms - bound to [/0.0.0.0:8,080]]]

[2017-07-03T16:55:10.337+0200] [glassfish 4.0] [INFO] [] [javax.enterprise.system.core] [tid: _ThreadID=1 _ThreadName=main] [timeMillis: 1499093710337] [levelValue: 800] [[
  Grizzly Framework 2.3.1 started in: 1ms - bound to [/0.0.0.0:8,181]]]

[2017-07-03T16:55:10.342+0200] [glassfish 4.0] [INFO] [] [javax.enterprise.system.core] [tid: _ThreadID=1 _ThreadName=main] [timeMillis: 1499093710342] [levelValue: 800] [[
  Grizzly Framework 2.3.1 started in: 1ms - bound to [/0.0.0.0:5,000]]]

[2017-07-03T16:55:10.495+0200] [glassfish 4.0] [INFO] [] [javax.enterprise.system.core.security.org.glassfish.security.services.impl.authorization] [tid: _ThreadID=1 _ThreadName=main] [timeMillis: 1499093710495] [levelValue: 800] [[
  Authorization Service has successfully initialized.]]

[2017-07-03T16:55:10.510+0200] [glassfish 4.0] [INFO] [] [javax.enterprise.system.core] [tid: _ThreadID=1 _ThreadName=main] [timeMillis: 1499093710510] [levelValue: 800] [[
  Grizzly Framework 2.3.1 started in: 0ms - bound to [/0.0.0.0:3,700]]]

[2017-07-03T16:55:10.645+0200] [glassfish 4.0] [INFO] [] [] [tid: _ThreadID=1 _ThreadName=main] [timeMillis: 1499093710645] [levelValue: 800] [[
  this.makeModuleFor(org.glassfish.main.web.glue, null) returned OSGiModuleImpl:: Bundle = [org.glassfish.main.web.glue [263]], State = [READY]]]

[2017-07-03T16:55:10.645+0200] [glassfish 4.0] [INFO] [] [] [tid: _ThreadID=1 _ThreadName=main] [timeMillis: 1499093710645] [levelValue: 800] [[
  this.makeModuleFor(org.glassfish.web.javax.servlet.jsp, null) returned OSGiModuleImpl:: Bundle = [org.glassfish.web.javax.servlet.jsp [149]], State = [READY]]]

[2017-07-03T16:55:10.715+0200] [glassfish 4.0] [INFO] [] [javax.enterprise.system.tools.deployment.common] [tid: _ThreadID=1 _ThreadName=main] [timeMillis: 1499093710715] [levelValue: 800] [[
  visiting unvisited references]]

[2017-07-03T16:55:10.941+0200] [glassfish 4.0] [SEVERE] [java_security.expired_certificate] [javax.enterprise.system.ssl.security.com.sun.enterprise.security.ssl.impl] [tid: _ThreadID=1 _ThreadName=main] [timeMillis: 1499093710941] [levelValue: 1000] [[
  SEC5054: Certificate has expired: [
[
  Version: V3
  Subject: CN=GTE CyberTrust Root 5, OU="GTE CyberTrust Solutions, Inc.", O=GTE Corporation, C=US
  Signature Algorithm: SHA1withRSA, OID = 1.2.840.113549.1.1.5

  Key:  Sun RSA public key, 2048 bits
  modulus: 23741889829347261660812437366387754385443431973861114865490414153884050331745811968523116847625570146592736935209718565296053386842135985534863157983128812774162998053673746470782252407673402238146869994438729551246768368782318393878374421033907597162218758024581735139682087126982809511479059100617027892880227587855877479432885604404402435662802390484099065871430585284534529627347717530352189612077130606642676951640071336717026459037542552927905851171460589361570392199748753414855675665635003335769915908187224347232807336022456537328962095005323382940080676931822787496212635993279098588863972868266229522169377
  public exponent: 65537
  Validity: [From: Fri Aug 14 16:50:00 CEST 1998,
               To: Thu Aug 15 01:59:00 CEST 2013]
  Issuer: CN=GTE CyberTrust Root 5, OU="GTE CyberTrust Solutions, Inc.", O=GTE Corporation, C=US
  SerialNumber: [    01b6]

Certificate Extensions: 4
[1]: ObjectId: 2.5.29.19 Criticality=true
BasicConstraints:[
  CA:true
  PathLen:5
]

[2]: ObjectId: 2.5.29.32 Criticality=false
CertificatePolicies [
  [CertificatePolicyId: [1.2.840.113763.1.2.1.3]
[]  ]
]

[3]: ObjectId: 2.5.29.15 Criticality=true
KeyUsage [
  Key_CertSign
  Crl_Sign
]

[4]: ObjectId: 2.5.29.14 Criticality=false
SubjectKeyIdentifier [
KeyIdentifier [
0000: 76 0A 49 21 38 4C 9F DE   F8 C4 49 C7 71 71 91 9D  v.I!8L....I.qq..
]
]

]
  Algorithm: [SHA1withRSA]
  Signature:
0000: 41 3A D4 18 5B DA B8 DE   21 1C E1 8E 09 E5 F1 68  A:..[...!......h
0010: 34 FF DE 96 F4 07 F5 A7   3C F3 AC 4A B1 9B FA 92  4.......<..J....
0020: FA 9B ED E6 32 21 AA 4A   76 C5 DC 4F 38 E5 DF D5  ....2!.Jv..O8...
0030: 86 E4 D5 C8 76 7D 98 D7   B1 CD 8F 4D B5 91 23 6C  ....v......M..#l
0040: 8B 8A EB EA 7C EF 14 94   C4 C6 F0 1F 4A 2D 32 71  ............J-2q
0050: 63 2B 63 91 26 02 09 B6   80 1D ED E2 CC B8 7F DB  c+c.&...........
0060: 87 63 C8 E1 D0 6C 26 B1   35 1D 40 66 10 1B CD 95  .c...l&.5.@f....
0070: 54 18 33 61 EC 13 4F DA   13 F7 99 AF 3E D0 CF 8E  T.3a..O.....>...
0080: A6 72 A2 B3 C3 05 9A C9   27 7D 92 CC 7E 52 8D B3  .r......'....R..
0090: AB 70 6D 9E 89 9F 4D EB   1A 75 C2 98 AA D5 02 16  .pm...M..u......
00A0: D7 0C 8A BF 25 E4 EB 2D   BC 98 E9 58 38 19 7C B9  ....%..-...X8...
00B0: 37 FE DB E2 99 08 73 06   C7 97 83 6A 7D 10 01 2F  7.....s....j.../
00C0: 32 B9 17 05 4A 65 E6 2F   CE BE 5E 53 A6 82 E9 9A  2...Je./..^S....
00D0: 53 0A 84 74 2D 83 CA C8   94 16 76 5F 94 61 28 F0  S..t-.....v_.a(.
00E0: 85 A7 39 BB D7 8B D9 A8   B2 13 1D 54 09 34 24 7D  ..9........T.4$.
00F0: 20 81 7D 66 7E A2 90 74   5C 10 C6 BD EC AB 1B C2   ..f...t\.......

]]]

[2017-07-03T16:55:10.963+0200] [glassfish 4.0] [INFO] [security.secmgroff] [javax.enterprise.system.core.security.com.sun.enterprise.security] [tid: _ThreadID=1 _ThreadName=main] [timeMillis: 1499093710963] [levelValue: 800] [[
  SEC1002: Security Manager is OFF.]]

[2017-07-03T16:55:10.963+0200] [glassfish 4.0] [INFO] [sec.service.startup.enter] [javax.enterprise.system.core.security.com.sun.enterprise.security] [tid: _ThreadID=1 _ThreadName=main] [timeMillis: 1499093710963] [levelValue: 800] [[
  SEC1010: Entering Security Startup Service]]

[2017-07-03T16:55:10.965+0200] [glassfish 4.0] [INFO] [policy.loading] [javax.enterprise.system.core.security.com.sun.enterprise.security] [tid: _ThreadID=1 _ThreadName=main] [timeMillis: 1499093710965] [levelValue: 800] [[
  SEC1143: Loading policy provider com.sun.enterprise.security.provider.PolicyWrapper.]]

[2017-07-03T16:55:10.985+0200] [glassfish 4.0] [INFO] [sec.service.startup.exit] [javax.enterprise.system.core.security.com.sun.enterprise.security] [tid: _ThreadID=1 _ThreadName=main] [timeMillis: 1499093710985] [levelValue: 800] [[
  SEC1011: Security Service(s) Started Successfully]]

[2017-07-03T16:55:11.096+0200] [glassfish 4.0] [INFO] [AS-WEB-GLUE-00198] [javax.enterprise.web] [tid: _ThreadID=1 _ThreadName=main] [timeMillis: 1499093711096] [levelValue: 800] [[
  Created HTTP listener http-listener-1 on host/port 0.0.0.0:8080]]

[2017-07-03T16:55:11.100+0200] [glassfish 4.0] [INFO] [AS-WEB-GLUE-00198] [javax.enterprise.web] [tid: _ThreadID=1 _ThreadName=main] [timeMillis: 1499093711100] [levelValue: 800] [[
  Created HTTP listener http-listener-2 on host/port 0.0.0.0:8181]]

[2017-07-03T16:55:11.102+0200] [glassfish 4.0] [INFO] [AS-WEB-GLUE-00198] [javax.enterprise.web] [tid: _ThreadID=1 _ThreadName=main] [timeMillis: 1499093711102] [levelValue: 800] [[
  Created HTTP listener admin-listener on host/port 0.0.0.0:5000]]

[2017-07-03T16:55:11.115+0200] [glassfish 4.0] [INFO] [AS-WEB-GLUE-00200] [javax.enterprise.web] [tid: _ThreadID=1 _ThreadName=main] [timeMillis: 1499093711115] [levelValue: 800] [[
  Created virtual server server]]

[2017-07-03T16:55:11.116+0200] [glassfish 4.0] [INFO] [AS-WEB-GLUE-00200] [javax.enterprise.web] [tid: _ThreadID=1 _ThreadName=main] [timeMillis: 1499093711116] [levelValue: 800] [[
  Created virtual server __asadmin]]

[2017-07-03T16:55:11.234+0200] [glassfish 4.0] [INFO] [AS-WEB-CORE-00306] [javax.enterprise.web.core] [tid: _ThreadID=1 _ThreadName=main] [timeMillis: 1499093711234] [levelValue: 800] [[
  Setting JAAS app name glassfish-web]]

[2017-07-03T16:55:11.234+0200] [glassfish 4.0] [INFO] [AS-WEB-GLUE-00201] [javax.enterprise.web] [tid: _ThreadID=1 _ThreadName=main] [timeMillis: 1499093711234] [levelValue: 800] [[
  Virtual server server loaded default web module ]]

[2017-07-03T16:55:11.416+0200] [glassfish 4.0] [INFO] [] [javax.enterprise.system.tools.deployment.common] [tid: _ThreadID=1 _ThreadName=main] [timeMillis: 1499093711416] [levelValue: 800] [[
  visiting unvisited references]]

[2017-07-03T16:55:11.425+0200] [glassfish 4.0] [INFO] [] [javax.enterprise.system.tools.deployment.common] [tid: _ThreadID=1 _ThreadName=main] [timeMillis: 1499093711425] [levelValue: 800] [[
  visiting unvisited references]]

[2017-07-03T16:55:11.745+0200] [glassfish 4.0] [INFO] [] [org.glassfish.tyrus.servlet.TyrusServletContainerInitializer] [tid: _ThreadID=1 _ThreadName=main] [timeMillis: 1499093711745] [levelValue: 800] [[
  Registering WebSocket filter for url pattern /*]]

[2017-07-03T16:55:11.812+0200] [glassfish 4.0] [INFO] [AS-WEB-GLUE-00172] [javax.enterprise.web] [tid: _ThreadID=1 _ThreadName=main] [timeMillis: 1499093711812] [levelValue: 800] [[
  Loading application [hephaistos_project] at [/hephaistos_project]]]

[2017-07-03T16:55:11.814+0200] [glassfish 4.0] [INFO] [NCLS-CORE-00022] [javax.enterprise.system.core] [tid: _ThreadID=1 _ThreadName=main] [timeMillis: 1499093711814] [levelValue: 800] [[
  Loading application hephaistos_project done in 1,234 ms]]

[2017-07-03T16:55:11.823+0200] [glassfish 4.0] [INFO] [] [org.glassfish.ha.store.spi.BackingStoreFactoryRegistry] [tid: _ThreadID=1 _ThreadName=main] [timeMillis: 1499093711823] [levelValue: 800] [[
  Registered org.glassfish.ha.store.adapter.cache.ShoalBackingStoreProxy for persistence-type = replicated in BackingStoreFactoryRegistry]]

[2017-07-03T16:55:11.831+0200] [glassfish 4.0] [INFO] [NCLS-CORE-00017] [javax.enterprise.system.core] [tid: _ThreadID=1 _ThreadName=main] [timeMillis: 1499093711831] [levelValue: 800] [[
  GlassFish Server Open Source Edition  4.0  (89) startup time : Felix (2,229ms), startup services(1,877ms), total(4,106ms)]]

[2017-07-03T16:55:11.855+0200] [glassfish 4.0] [INFO] [] [org.hibernate.validator.internal.util.Version] [tid: _ThreadID=58 _ThreadName=pool-6-thread-2] [timeMillis: 1499093711855] [levelValue: 800] [[
  HV000001: Hibernate Validator 5.0.0.Final]]

[2017-07-03T16:55:11.887+0200] [glassfish 4.0] [INFO] [] [javax.enterprise.system.core] [tid: _ThreadID=1 _ThreadName=main] [timeMillis: 1499093711887] [levelValue: 800] [[
  Grizzly Framework 2.3.1 started in: 1ms - bound to [/0.0.0.0:7,676]]]

[2017-07-03T16:55:12.014+0200] [glassfish 4.0] [INFO] [] [org.glassfish.jersey.server.ApplicationHandler] [tid: _ThreadID=57 _ThreadName=pool-6-thread-1] [timeMillis: 1499093712014] [levelValue: 800] [[
  Initiating Jersey application, version Jersey: 2.0 2013-05-03 14:50:15...]]

[2017-07-03T16:55:13.018+0200] [glassfish 4.0] [INFO] [] [org.glassfish.jersey.server.ApplicationHandler] [tid: _ThreadID=33 _ThreadName=admin-listener(1)] [timeMillis: 1499093713018] [levelValue: 800] [[
  Initiating Jersey application, version Jersey: 2.0 2013-05-03 14:50:15...]]

[2017-07-03T16:55:13.179+0200] [glassfish 4.0] [INFO] [NCLS-REST-00001] [javax.enterprise.admin.rest] [tid: _ThreadID=33 _ThreadName=admin-listener(1)] [timeMillis: 1499093713179] [levelValue: 800] [[
  Listening to REST requests at context: /management/domain.]]

[2017-07-03T16:55:13.522+0200] [glassfish 4.0] [INFO] [NCLS-BOOTSTRAP-00027] [javax.enterprise.bootstrap] [tid: _ThreadID=1 _ThreadName=main] [timeMillis: 1499093713522] [levelValue: 800] [[
  Registered com.sun.enterprise.glassfish.bootstrap.osgi.EmbeddedOSGiGlassFishImpl@6fb0261e as OSGi service registration: org.apache.felix.framework.ServiceRegistrationImpl@532dacf5.]]

[2017-07-03T16:55:13.618+0200] [glassfish 4.0] [INFO] [] [javax.enterprise.system.tools.deployment.common] [tid: _ThreadID=81 _ThreadName=Thread-12] [timeMillis: 1499093713618] [levelValue: 800] [[
  visiting unvisited references]]

[2017-07-03T16:55:14.116+0200] [glassfish 4.0] [INFO] [NCLS-JMX-00005] [javax.enterprise.system.jmx] [tid: _ThreadID=85 _ThreadName=Thread-16] [timeMillis: 1499093714116] [levelValue: 800] [[
  JMXStartupService has started JMXConnector on JMXService URL service:jmx:rmi://taillat.inria.fr:8686/jndi/rmi://taillat.inria.fr:8686/jmxrmi]]

[2017-07-03T16:55:14.186+0200] [glassfish 4.0] [INFO] [] [] [tid: _ThreadID=81 _ThreadName=Thread-12] [timeMillis: 1499093714186] [levelValue: 800] [[
  this.makeModuleFor(org.glassfish.main.admingui.console-common, 4.0.0) returned OSGiModuleImpl:: Bundle = [org.glassfish.main.admingui.console-common [48]], State = [READY]]]

[2017-07-03T16:55:14.188+0200] [glassfish 4.0] [INFO] [] [] [tid: _ThreadID=81 _ThreadName=Thread-12] [timeMillis: 1499093714188] [levelValue: 800] [[
  this.makeModuleFor(org.glassfish.hk2.hk2, 2.1.92) returned OSGiModuleImpl:: Bundle = [org.glassfish.hk2.hk2 [118]], State = [READY]]]

[2017-07-03T16:55:14.188+0200] [glassfish 4.0] [INFO] [] [] [tid: _ThreadID=81 _ThreadName=Thread-12] [timeMillis: 1499093714188] [levelValue: 800] [[
  this.makeModuleFor(org.glassfish.main.admingui.console-plugin-service, 4.0.0) returned OSGiModuleImpl:: Bundle = [org.glassfish.main.admingui.console-plugin-service [58]], State = [READY]]]

[2017-07-03T16:55:14.196+0200] [glassfish 4.0] [INFO] [] [] [tid: _ThreadID=81 _ThreadName=Thread-12] [timeMillis: 1499093714196] [levelValue: 800] [[
  this.makeModuleFor(org.glassfish.main.deployment.deployment-client, 4.0.0) returned OSGiModuleImpl:: Bundle = [org.glassfish.main.deployment.deployment-client [67]], State = [READY]]]

[2017-07-03T16:55:14.197+0200] [glassfish 4.0] [INFO] [] [] [tid: _ThreadID=81 _ThreadName=Thread-12] [timeMillis: 1499093714197] [levelValue: 800] [[
  this.makeModuleFor(org.glassfish.main.registration.registration-api, 4.0.0) returned OSGiModuleImpl:: Bundle = [org.glassfish.main.registration.registration-api [230]], State = [READY]]]

[2017-07-03T16:55:14.197+0200] [glassfish 4.0] [INFO] [] [] [tid: _ThreadID=81 _ThreadName=Thread-12] [timeMillis: 1499093714197] [levelValue: 800] [[
  this.makeModuleFor(org.glassfish.main.registration.registration-impl, 4.0.0) returned OSGiModuleImpl:: Bundle = [org.glassfish.main.registration.registration-impl [231]], State = [READY]]]

[2017-07-03T16:55:14.198+0200] [glassfish 4.0] [INFO] [] [] [tid: _ThreadID=81 _ThreadName=Thread-12] [timeMillis: 1499093714198] [levelValue: 800] [[
  this.makeModuleFor(javax.servlet-api, 3.1.0) returned OSGiModuleImpl:: Bundle = [javax.servlet-api [147]], State = [READY]]]

[2017-07-03T16:55:14.198+0200] [glassfish 4.0] [INFO] [] [] [tid: _ThreadID=81 _ThreadName=Thread-12] [timeMillis: 1499093714198] [levelValue: 800] [[
  this.makeModuleFor(javax.servlet.jsp-api, 2.3.1) returned OSGiModuleImpl:: Bundle = [javax.servlet.jsp-api [148]], State = [READY]]]

[2017-07-03T16:55:14.199+0200] [glassfish 4.0] [INFO] [] [] [tid: _ThreadID=81 _ThreadName=Thread-12] [timeMillis: 1499093714199] [levelValue: 800] [[
  this.makeModuleFor(com.sun.el.javax.el, 3.0.0) returned OSGiModuleImpl:: Bundle = [com.sun.el.javax.el [132]], State = [READY]]]

[2017-07-03T16:55:14.199+0200] [glassfish 4.0] [INFO] [] [] [tid: _ThreadID=81 _ThreadName=Thread-12] [timeMillis: 1499093714199] [levelValue: 800] [[
  this.makeModuleFor(com.sun.jsftemplating, 2.1.0) returned OSGiModuleImpl:: Bundle = [com.sun.jsftemplating [186]], State = [READY]]]

[2017-07-03T16:55:14.201+0200] [glassfish 4.0] [INFO] [] [] [tid: _ThreadID=81 _ThreadName=Thread-12] [timeMillis: 1499093714201] [levelValue: 800] [[
  this.makeModuleFor(org.glassfish.main.admingui.dataprovider, 4.0.0) returned OSGiModuleImpl:: Bundle = [org.glassfish.main.admingui.dataprovider [63]], State = [READY]]]

[2017-07-03T16:55:14.201+0200] [glassfish 4.0] [INFO] [] [] [tid: _ThreadID=81 _ThreadName=Thread-12] [timeMillis: 1499093714201] [levelValue: 800] [[
  this.makeModuleFor(com.sun.pkg.client, 1.0.0) returned OSGiModuleImpl:: Bundle = [com.sun.pkg.client [229]], State = [READY]]]

[2017-07-03T16:55:14.201+0200] [glassfish 4.0] [INFO] [] [] [tid: _ThreadID=81 _ThreadName=Thread-12] [timeMillis: 1499093714201] [levelValue: 800] [[
  this.makeModuleFor(org.glassfish.main.admingui.console-cluster-plugin, 4.0.0) returned OSGiModuleImpl:: Bundle = [org.glassfish.main.admingui.console-cluster-plugin [46]], State = [READY]]]

[2017-07-03T16:55:14.201+0200] [glassfish 4.0] [INFO] [] [] [tid: _ThreadID=81 _ThreadName=Thread-12] [timeMillis: 1499093714201] [levelValue: 800] [[
  this.makeModuleFor(org.glassfish.main.admingui.console-jts-plugin, 4.0.0) returned OSGiModuleImpl:: Bundle = [org.glassfish.main.admingui.console-jts-plugin [57]], State = [READY]]]

[2017-07-03T16:55:14.202+0200] [glassfish 4.0] [INFO] [] [] [tid: _ThreadID=81 _ThreadName=Thread-12] [timeMillis: 1499093714202] [levelValue: 800] [[
  this.makeModuleFor(org.glassfish.main.admingui.console-corba-plugin, 4.0.0) returned OSGiModuleImpl:: Bundle = [org.glassfish.main.admingui.console-corba-plugin [51]], State = [READY]]]

[2017-07-03T16:55:14.202+0200] [glassfish 4.0] [INFO] [] [] [tid: _ThreadID=81 _ThreadName=Thread-12] [timeMillis: 1499093714202] [levelValue: 800] [[
  this.makeModuleFor(org.glassfish.main.admingui.console-concurrent-plugin, 4.0.0) returned OSGiModuleImpl:: Bundle = [org.glassfish.main.admingui.console-concurrent-plugin [50]], State = [READY]]]

[2017-07-03T16:55:14.202+0200] [glassfish 4.0] [INFO] [] [] [tid: _ThreadID=81 _ThreadName=Thread-12] [timeMillis: 1499093714202] [levelValue: 800] [[
  this.makeModuleFor(org.glassfish.main.admingui.console-jca-plugin, 4.0.0) returned OSGiModuleImpl:: Bundle = [org.glassfish.main.admingui.console-jca-plugin [54]], State = [READY]]]

[2017-07-03T16:55:14.202+0200] [glassfish 4.0] [INFO] [] [] [tid: _ThreadID=81 _ThreadName=Thread-12] [timeMillis: 1499093714202] [levelValue: 800] [[
  this.makeModuleFor(org.glassfish.main.admingui.console-jdbc-plugin, 4.0.0) returned OSGiModuleImpl:: Bundle = [org.glassfish.main.admingui.console-jdbc-plugin [55]], State = [READY]]]

[2017-07-03T16:55:14.205+0200] [glassfish 4.0] [INFO] [] [] [tid: _ThreadID=81 _ThreadName=Thread-12] [timeMillis: 1499093714205] [levelValue: 800] [[
  this.makeModuleFor(org.glassfish.main.admingui.console-jms-plugin, 4.0.0) returned OSGiModuleImpl:: Bundle = [org.glassfish.main.admingui.console-jms-plugin [56]], State = [READY]]]

[2017-07-03T16:55:14.205+0200] [glassfish 4.0] [INFO] [] [] [tid: _ThreadID=81 _ThreadName=Thread-12] [timeMillis: 1499093714205] [levelValue: 800] [[
  this.makeModuleFor(org.glassfish.main.admingui.console-web-plugin, 4.0.0) returned OSGiModuleImpl:: Bundle = [org.glassfish.main.admingui.console-web-plugin [60]], State = [READY]]]

[2017-07-03T16:55:14.206+0200] [glassfish 4.0] [INFO] [] [] [tid: _ThreadID=81 _ThreadName=Thread-12] [timeMillis: 1499093714206] [levelValue: 800] [[
  this.makeModuleFor(org.glassfish.main.admingui.console-common, 4.0.0) returned OSGiModuleImpl:: Bundle = [org.glassfish.main.admingui.console-common [48]], State = [READY]]]

[2017-07-03T16:55:14.206+0200] [glassfish 4.0] [INFO] [] [] [tid: _ThreadID=81 _ThreadName=Thread-12] [timeMillis: 1499093714206] [levelValue: 800] [[
  this.makeModuleFor(org.glassfish.main.admingui.console-updatecenter-plugin, 4.0.0) returned OSGiModuleImpl:: Bundle = [org.glassfish.main.admingui.console-updatecenter-plugin [59]], State = [READY]]]

[2017-07-03T16:55:14.207+0200] [glassfish 4.0] [INFO] [] [] [tid: _ThreadID=81 _ThreadName=Thread-12] [timeMillis: 1499093714207] [levelValue: 800] [[
  this.makeModuleFor(org.glassfish.main.admingui.console-community-branding-plugin, 4.0.0) returned OSGiModuleImpl:: Bundle = [org.glassfish.main.admingui.console-community-branding-plugin [49]], State = [READY]]]

[2017-07-03T16:55:14.208+0200] [glassfish 4.0] [INFO] [] [] [tid: _ThreadID=81 _ThreadName=Thread-12] [timeMillis: 1499093714208] [levelValue: 800] [[
  this.makeModuleFor(org.glassfish.main.admingui.console-ejb-lite-plugin, 4.0.0) returned OSGiModuleImpl:: Bundle = [org.glassfish.main.admingui.console-ejb-lite-plugin [52]], State = [READY]]]

[2017-07-03T16:55:14.209+0200] [glassfish 4.0] [INFO] [] [] [tid: _ThreadID=81 _ThreadName=Thread-12] [timeMillis: 1499093714209] [levelValue: 800] [[
  this.makeModuleFor(org.glassfish.main.admingui.console-ejb-plugin, 4.0.0) returned OSGiModuleImpl:: Bundle = [org.glassfish.main.admingui.console-ejb-plugin [53]], State = [READY]]]

[2017-07-03T16:55:14.209+0200] [glassfish 4.0] [INFO] [] [] [tid: _ThreadID=81 _ThreadName=Thread-12] [timeMillis: 1499093714209] [levelValue: 800] [[
  this.makeModuleFor(org.glassfish.main.admingui.console-common-full-plugin, 4.0.0) returned OSGiModuleImpl:: Bundle = [org.glassfish.main.admingui.console-common-full-plugin [47]], State = [READY]]]

[2017-07-03T16:55:14.341+0200] [glassfish 4.0] [INFO] [] [javax.enterprise.system.tools.deployment.common] [tid: _ThreadID=81 _ThreadName=Thread-12] [timeMillis: 1499093714341] [levelValue: 800] [[
  visiting unvisited references]]

[2017-07-03T16:55:14.362+0200] [glassfish 4.0] [INFO] [] [javax.enterprise.system.tools.deployment.common] [tid: _ThreadID=81 _ThreadName=Thread-12] [timeMillis: 1499093714362] [levelValue: 800] [[
  visiting unvisited references]]

[2017-07-03T16:55:14.363+0200] [glassfish 4.0] [INFO] [] [javax.enterprise.system.tools.deployment.common] [tid: _ThreadID=81 _ThreadName=Thread-12] [timeMillis: 1499093714363] [levelValue: 800] [[
  visiting unvisited references]]

[2017-07-03T16:55:14.473+0200] [glassfish 4.0] [INFO] [] [] [tid: _ThreadID=81 _ThreadName=Thread-12] [timeMillis: 1499093714473] [levelValue: 800] [[
  this.makeModuleFor(org.glassfish.main.admingui.console-common, 4.0.0) returned OSGiModuleImpl:: Bundle = [org.glassfish.main.admingui.console-common [48]], State = [READY]]]

[2017-07-03T16:55:14.473+0200] [glassfish 4.0] [INFO] [] [] [tid: _ThreadID=81 _ThreadName=Thread-12] [timeMillis: 1499093714473] [levelValue: 800] [[
  this.makeModuleFor(org.glassfish.hk2.hk2, 2.1.92) returned OSGiModuleImpl:: Bundle = [org.glassfish.hk2.hk2 [118]], State = [READY]]]

[2017-07-03T16:55:14.473+0200] [glassfish 4.0] [INFO] [] [] [tid: _ThreadID=81 _ThreadName=Thread-12] [timeMillis: 1499093714473] [levelValue: 800] [[
  this.makeModuleFor(org.glassfish.main.admingui.console-plugin-service, 4.0.0) returned OSGiModuleImpl:: Bundle = [org.glassfish.main.admingui.console-plugin-service [58]], State = [READY]]]

[2017-07-03T16:55:14.473+0200] [glassfish 4.0] [INFO] [] [] [tid: _ThreadID=81 _ThreadName=Thread-12] [timeMillis: 1499093714473] [levelValue: 800] [[
  this.makeModuleFor(org.glassfish.main.deployment.deployment-client, 4.0.0) returned OSGiModuleImpl:: Bundle = [org.glassfish.main.deployment.deployment-client [67]], State = [READY]]]

[2017-07-03T16:55:14.473+0200] [glassfish 4.0] [INFO] [] [] [tid: _ThreadID=81 _ThreadName=Thread-12] [timeMillis: 1499093714473] [levelValue: 800] [[
  this.makeModuleFor(org.glassfish.main.registration.registration-api, 4.0.0) returned OSGiModuleImpl:: Bundle = [org.glassfish.main.registration.registration-api [230]], State = [READY]]]

[2017-07-03T16:55:14.473+0200] [glassfish 4.0] [INFO] [] [] [tid: _ThreadID=81 _ThreadName=Thread-12] [timeMillis: 1499093714473] [levelValue: 800] [[
  this.makeModuleFor(org.glassfish.main.registration.registration-impl, 4.0.0) returned OSGiModuleImpl:: Bundle = [org.glassfish.main.registration.registration-impl [231]], State = [READY]]]

[2017-07-03T16:55:14.473+0200] [glassfish 4.0] [INFO] [] [] [tid: _ThreadID=81 _ThreadName=Thread-12] [timeMillis: 1499093714473] [levelValue: 800] [[
  this.makeModuleFor(javax.servlet-api, 3.1.0) returned OSGiModuleImpl:: Bundle = [javax.servlet-api [147]], State = [READY]]]

[2017-07-03T16:55:14.473+0200] [glassfish 4.0] [INFO] [] [] [tid: _ThreadID=81 _ThreadName=Thread-12] [timeMillis: 1499093714473] [levelValue: 800] [[
  this.makeModuleFor(javax.servlet.jsp-api, 2.3.1) returned OSGiModuleImpl:: Bundle = [javax.servlet.jsp-api [148]], State = [READY]]]

[2017-07-03T16:55:14.474+0200] [glassfish 4.0] [INFO] [] [] [tid: _ThreadID=81 _ThreadName=Thread-12] [timeMillis: 1499093714474] [levelValue: 800] [[
  this.makeModuleFor(com.sun.el.javax.el, 3.0.0) returned OSGiModuleImpl:: Bundle = [com.sun.el.javax.el [132]], State = [READY]]]

[2017-07-03T16:55:14.474+0200] [glassfish 4.0] [INFO] [] [] [tid: _ThreadID=81 _ThreadName=Thread-12] [timeMillis: 1499093714474] [levelValue: 800] [[
  this.makeModuleFor(com.sun.jsftemplating, 2.1.0) returned OSGiModuleImpl:: Bundle = [com.sun.jsftemplating [186]], State = [READY]]]

[2017-07-03T16:55:14.474+0200] [glassfish 4.0] [INFO] [] [] [tid: _ThreadID=81 _ThreadName=Thread-12] [timeMillis: 1499093714474] [levelValue: 800] [[
  this.makeModuleFor(org.glassfish.main.admingui.dataprovider, 4.0.0) returned OSGiModuleImpl:: Bundle = [org.glassfish.main.admingui.dataprovider [63]], State = [READY]]]

[2017-07-03T16:55:14.474+0200] [glassfish 4.0] [INFO] [] [] [tid: _ThreadID=81 _ThreadName=Thread-12] [timeMillis: 1499093714474] [levelValue: 800] [[
  this.makeModuleFor(com.sun.pkg.client, 1.0.0) returned OSGiModuleImpl:: Bundle = [com.sun.pkg.client [229]], State = [READY]]]

[2017-07-03T16:55:14.474+0200] [glassfish 4.0] [INFO] [] [] [tid: _ThreadID=81 _ThreadName=Thread-12] [timeMillis: 1499093714474] [levelValue: 800] [[
  this.makeModuleFor(org.glassfish.main.admingui.console-cluster-plugin, 4.0.0) returned OSGiModuleImpl:: Bundle = [org.glassfish.main.admingui.console-cluster-plugin [46]], State = [READY]]]

[2017-07-03T16:55:14.474+0200] [glassfish 4.0] [INFO] [] [] [tid: _ThreadID=81 _ThreadName=Thread-12] [timeMillis: 1499093714474] [levelValue: 800] [[
  this.makeModuleFor(org.glassfish.main.admingui.console-jts-plugin, 4.0.0) returned OSGiModuleImpl:: Bundle = [org.glassfish.main.admingui.console-jts-plugin [57]], State = [READY]]]

[2017-07-03T16:55:14.474+0200] [glassfish 4.0] [INFO] [] [] [tid: _ThreadID=81 _ThreadName=Thread-12] [timeMillis: 1499093714474] [levelValue: 800] [[
  this.makeModuleFor(org.glassfish.main.admingui.console-corba-plugin, 4.0.0) returned OSGiModuleImpl:: Bundle = [org.glassfish.main.admingui.console-corba-plugin [51]], State = [READY]]]

[2017-07-03T16:55:14.474+0200] [glassfish 4.0] [INFO] [] [] [tid: _ThreadID=81 _ThreadName=Thread-12] [timeMillis: 1499093714474] [levelValue: 800] [[
  this.makeModuleFor(org.glassfish.main.admingui.console-concurrent-plugin, 4.0.0) returned OSGiModuleImpl:: Bundle = [org.glassfish.main.admingui.console-concurrent-plugin [50]], State = [READY]]]

[2017-07-03T16:55:14.474+0200] [glassfish 4.0] [INFO] [] [] [tid: _ThreadID=81 _ThreadName=Thread-12] [timeMillis: 1499093714474] [levelValue: 800] [[
  this.makeModuleFor(org.glassfish.main.admingui.console-jca-plugin, 4.0.0) returned OSGiModuleImpl:: Bundle = [org.glassfish.main.admingui.console-jca-plugin [54]], State = [READY]]]

[2017-07-03T16:55:14.475+0200] [glassfish 4.0] [INFO] [] [] [tid: _ThreadID=81 _ThreadName=Thread-12] [timeMillis: 1499093714475] [levelValue: 800] [[
  this.makeModuleFor(org.glassfish.main.admingui.console-jdbc-plugin, 4.0.0) returned OSGiModuleImpl:: Bundle = [org.glassfish.main.admingui.console-jdbc-plugin [55]], State = [READY]]]

[2017-07-03T16:55:14.475+0200] [glassfish 4.0] [INFO] [] [] [tid: _ThreadID=81 _ThreadName=Thread-12] [timeMillis: 1499093714475] [levelValue: 800] [[
  this.makeModuleFor(org.glassfish.main.admingui.console-jms-plugin, 4.0.0) returned OSGiModuleImpl:: Bundle = [org.glassfish.main.admingui.console-jms-plugin [56]], State = [READY]]]

[2017-07-03T16:55:14.475+0200] [glassfish 4.0] [INFO] [] [] [tid: _ThreadID=81 _ThreadName=Thread-12] [timeMillis: 1499093714475] [levelValue: 800] [[
  this.makeModuleFor(org.glassfish.main.admingui.console-web-plugin, 4.0.0) returned OSGiModuleImpl:: Bundle = [org.glassfish.main.admingui.console-web-plugin [60]], State = [READY]]]

[2017-07-03T16:55:14.475+0200] [glassfish 4.0] [INFO] [] [] [tid: _ThreadID=81 _ThreadName=Thread-12] [timeMillis: 1499093714475] [levelValue: 800] [[
  this.makeModuleFor(org.glassfish.main.admingui.console-common, 4.0.0) returned OSGiModuleImpl:: Bundle = [org.glassfish.main.admingui.console-common [48]], State = [READY]]]

[2017-07-03T16:55:14.475+0200] [glassfish 4.0] [INFO] [] [] [tid: _ThreadID=81 _ThreadName=Thread-12] [timeMillis: 1499093714475] [levelValue: 800] [[
  this.makeModuleFor(org.glassfish.main.admingui.console-updatecenter-plugin, 4.0.0) returned OSGiModuleImpl:: Bundle = [org.glassfish.main.admingui.console-updatecenter-plugin [59]], State = [READY]]]

[2017-07-03T16:55:14.475+0200] [glassfish 4.0] [INFO] [] [] [tid: _ThreadID=81 _ThreadName=Thread-12] [timeMillis: 1499093714475] [levelValue: 800] [[
  this.makeModuleFor(org.glassfish.main.admingui.console-community-branding-plugin, 4.0.0) returned OSGiModuleImpl:: Bundle = [org.glassfish.main.admingui.console-community-branding-plugin [49]], State = [READY]]]

[2017-07-03T16:55:14.475+0200] [glassfish 4.0] [INFO] [] [] [tid: _ThreadID=81 _ThreadName=Thread-12] [timeMillis: 1499093714475] [levelValue: 800] [[
  this.makeModuleFor(org.glassfish.main.admingui.console-ejb-lite-plugin, 4.0.0) returned OSGiModuleImpl:: Bundle = [org.glassfish.main.admingui.console-ejb-lite-plugin [52]], State = [READY]]]

[2017-07-03T16:55:14.475+0200] [glassfish 4.0] [INFO] [] [] [tid: _ThreadID=81 _ThreadName=Thread-12] [timeMillis: 1499093714475] [levelValue: 800] [[
  this.makeModuleFor(org.glassfish.main.admingui.console-ejb-plugin, 4.0.0) returned OSGiModuleImpl:: Bundle = [org.glassfish.main.admingui.console-ejb-plugin [53]], State = [READY]]]

[2017-07-03T16:55:14.475+0200] [glassfish 4.0] [INFO] [] [] [tid: _ThreadID=81 _ThreadName=Thread-12] [timeMillis: 1499093714475] [levelValue: 800] [[
  this.makeModuleFor(org.glassfish.main.admingui.console-common-full-plugin, 4.0.0) returned OSGiModuleImpl:: Bundle = [org.glassfish.main.admingui.console-common-full-plugin [47]], State = [READY]]]

[2017-07-03T16:55:14.865+0200] [glassfish 4.0] [INFO] [] [javax.enterprise.system.tools.deployment.common] [tid: _ThreadID=33 _ThreadName=admin-listener(1)] [timeMillis: 1499093714865] [levelValue: 800] [[
  visiting unvisited references]]

[2017-07-03T16:55:14.892+0200] [glassfish 4.0] [INFO] [] [javax.enterprise.system.tools.deployment.common] [tid: _ThreadID=33 _ThreadName=admin-listener(1)] [timeMillis: 1499093714892] [levelValue: 800] [[
  visiting unvisited references]]

[2017-07-03T16:55:14.899+0200] [glassfish 4.0] [INFO] [] [javax.enterprise.system.tools.deployment.common] [tid: _ThreadID=33 _ThreadName=admin-listener(1)] [timeMillis: 1499093714899] [levelValue: 800] [[
  visiting unvisited references]]

[2017-07-03T16:55:15.053+0200] [glassfish 4.0] [INFO] [] [org.glassfish.tyrus.servlet.TyrusServletContainerInitializer] [tid: _ThreadID=33 _ThreadName=admin-listener(1)] [timeMillis: 1499093715053] [levelValue: 800] [[
  Registering WebSocket filter for url pattern /*]]

[2017-07-03T16:55:15.094+0200] [glassfish 4.0] [INFO] [AS-WEB-GLUE-00172] [javax.enterprise.web] [tid: _ThreadID=33 _ThreadName=admin-listener(1)] [timeMillis: 1499093715094] [levelValue: 800] [[
  Loading application [hephaistos_project] at [/hephaistos_project]]]

[2017-07-03T16:55:15.141+0200] [glassfish 4.0] [INFO] [] [javax.enterprise.system.core] [tid: _ThreadID=33 _ThreadName=admin-listener(1)] [timeMillis: 1499093715141] [levelValue: 800] [[
  hephaistos_project was successfully deployed in 565 milliseconds.]]

[2017-07-03T16:55:15.424+0200] [glassfish 4.0] [INFO] [jsf.config.listener.version] [javax.enterprise.resource.webcontainer.jsf.config] [tid: _ThreadID=81 _ThreadName=Thread-12] [timeMillis: 1499093715424] [levelValue: 800] [[
  Initializing Mojarra 2.2.0 ( 20130502-2118 https://svn.java.net/svn/mojarra~svn/tags/2.2.0@11930) for context '']]

[2017-07-03T16:55:16.160+0200] [glassfish 4.0] [INFO] [AS-WEB-GLUE-00172] [javax.enterprise.web] [tid: _ThreadID=81 _ThreadName=Thread-12] [timeMillis: 1499093716160] [levelValue: 800] [[
  Loading application [__admingui] at [/]]]

[2017-07-03T16:55:16.163+0200] [glassfish 4.0] [INFO] [NCLS-CORE-00022] [javax.enterprise.system.core] [tid: _ThreadID=81 _ThreadName=Thread-12] [timeMillis: 1499093716163] [levelValue: 800] [[
  Loading application __admingui done in 2,762 ms]]

[2017-07-03T16:55:24.295+0200] [glassfish 4.0] [INFO] [] [] [tid: _ThreadID=20 _ThreadName=Thread-3] [timeMillis: 1499093724295] [levelValue: 800] [[
  [CONNEXION]]]

[2017-07-03T16:55:27.878+0200] [glassfish 4.0] [INFO] [] [] [tid: _ThreadID=21 _ThreadName=Thread-3] [timeMillis: 1499093727878] [levelValue: 800] [[
  message : { id : te, Val : teetet, date : 2017-07-03T14:55:27.835Z, commande : NULL }]]

[2017-07-03T16:55:27.878+0200] [glassfish 4.0] [INFO] [] [] [tid: _ThreadID=21 _ThreadName=Thread-3] [timeMillis: 1499093727878] [levelValue: 800] [[
  Capteurs connecté : [te]]]

[2017-07-04T08:28:46.250+0200] [glassfish 4.0] [INFO] [] [] [tid: _ThreadID=23 _ThreadName=Thread-3] [timeMillis: 1499149726250] [levelValue: 800] [[
  message : { id : coucou, Val : test, date : 2017-07-04T06:28:46.194Z, commande : NULL }]]

[2017-07-04T08:28:46.250+0200] [glassfish 4.0] [INFO] [] [] [tid: _ThreadID=23 _ThreadName=Thread-3] [timeMillis: 1499149726250] [levelValue: 800] [[
  Capteurs connecté : [te, coucou]]]

[2017-07-04T08:28:59.777+0200] [glassfish 4.0] [INFO] [] [] [tid: _ThreadID=19 _ThreadName=Thread-3] [timeMillis: 1499149739777] [levelValue: 800] [[
  message : { id : UV, Val : 12, date : 2017-07-04T06:28:59.771Z, commande : NULL }]]

[2017-07-04T08:28:59.777+0200] [glassfish 4.0] [INFO] [] [] [tid: _ThreadID=19 _ThreadName=Thread-3] [timeMillis: 1499149739777] [levelValue: 800] [[
  Capteurs connecté : [te, coucou, UV]]]

[2017-07-04T08:29:14.614+0200] [glassfish 4.0] [INFO] [] [] [tid: _ThreadID=20 _ThreadName=Thread-3] [timeMillis: 1499149754614] [levelValue: 800] [[
  message : { id : UV, Val : , date : 2017-07-04T06:29:14.610Z, commande : deccrocherCapteur }]]

[2017-07-04T08:29:14.614+0200] [glassfish 4.0] [INFO] [] [] [tid: _ThreadID=20 _ThreadName=Thread-3] [timeMillis: 1499149754614] [levelValue: 800] [[
  Capteurs connecté : [te, coucou]]]

[2017-07-04T08:30:01.206+0200] [glassfish 4.0] [INFO] [] [] [tid: _ThreadID=21 _ThreadName=Thread-3] [timeMillis: 1499149801206] [levelValue: 800] [[
  [DECONNEXION] null]]

[2017-07-04T08:30:01.249+0200] [glassfish 4.0] [INFO] [] [] [tid: _ThreadID=23 _ThreadName=Thread-3] [timeMillis: 1499149801249] [levelValue: 800] [[
  [CONNEXION]]]

[2017-07-04T08:30:15.863+0200] [glassfish 4.0] [INFO] [] [] [tid: _ThreadID=19 _ThreadName=Thread-3] [timeMillis: 1499149815863] [levelValue: 800] [[
  [CONNEXION]]]

[2017-07-04T08:30:32.371+0200] [glassfish 4.0] [INFO] [] [] [tid: _ThreadID=20 _ThreadName=Thread-3] [timeMillis: 1499149832371] [levelValue: 800] [[
  [DECONNEXION] null]]

[2017-07-04T08:30:32.451+0200] [glassfish 4.0] [INFO] [] [] [tid: _ThreadID=22 _ThreadName=Thread-3] [timeMillis: 1499149832451] [levelValue: 800] [[
  [CONNEXION]]]

[2017-07-04T08:30:40.464+0200] [glassfish 4.0] [INFO] [] [] [tid: _ThreadID=21 _ThreadName=Thread-3] [timeMillis: 1499149840464] [levelValue: 800] [[
  [DECONNEXION] null]]

[2017-07-04T08:30:40.514+0200] [glassfish 4.0] [INFO] [] [] [tid: _ThreadID=23 _ThreadName=Thread-3] [timeMillis: 1499149840514] [levelValue: 800] [[
  [CONNEXION]]]

[2017-07-04T08:30:43.747+0200] [glassfish 4.0] [INFO] [] [] [tid: _ThreadID=19 _ThreadName=Thread-3] [timeMillis: 1499149843747] [levelValue: 800] [[
  [DECONNEXION] null]]

[2017-07-04T08:30:43.819+0200] [glassfish 4.0] [INFO] [] [] [tid: _ThreadID=20 _ThreadName=Thread-3] [timeMillis: 1499149843819] [levelValue: 800] [[
  [CONNEXION]]]

[2017-07-04T08:30:49.956+0200] [glassfish 4.0] [INFO] [] [] [tid: _ThreadID=22 _ThreadName=Thread-3] [timeMillis: 1499149849956] [levelValue: 800] [[
  [DECONNEXION] null]]

[2017-07-04T08:30:50.028+0200] [glassfish 4.0] [INFO] [] [] [tid: _ThreadID=21 _ThreadName=Thread-3] [timeMillis: 1499149850028] [levelValue: 800] [[
  [CONNEXION]]]

[2017-07-04T08:30:55.396+0200] [glassfish 4.0] [INFO] [] [] [tid: _ThreadID=23 _ThreadName=Thread-3] [timeMillis: 1499149855396] [levelValue: 800] [[
  [DECONNEXION] null]]

[2017-07-04T08:30:55.451+0200] [glassfish 4.0] [INFO] [] [] [tid: _ThreadID=19 _ThreadName=Thread-3] [timeMillis: 1499149855451] [levelValue: 800] [[
  [CONNEXION]]]

[2017-07-04T08:31:01.360+0200] [glassfish 4.0] [INFO] [] [] [tid: _ThreadID=20 _ThreadName=Thread-3] [timeMillis: 1499149861360] [levelValue: 800] [[
  [DECONNEXION] null]]

[2017-07-04T08:31:01.405+0200] [glassfish 4.0] [INFO] [] [] [tid: _ThreadID=22 _ThreadName=Thread-3] [timeMillis: 1499149861405] [levelValue: 800] [[
  [CONNEXION]]]

[2017-07-04T08:31:09.825+0200] [glassfish 4.0] [INFO] [] [] [tid: _ThreadID=21 _ThreadName=Thread-3] [timeMillis: 1499149869825] [levelValue: 800] [[
  [DECONNEXION] null]]

[2017-07-04T08:31:09.877+0200] [glassfish 4.0] [INFO] [] [] [tid: _ThreadID=23 _ThreadName=Thread-3] [timeMillis: 1499149869877] [levelValue: 800] [[
  [CONNEXION]]]

[2017-07-04T08:31:20.172+0200] [glassfish 4.0] [INFO] [] [] [tid: _ThreadID=19 _ThreadName=Thread-3] [timeMillis: 1499149880172] [levelValue: 800] [[
  [DECONNEXION] null]]

[2017-07-04T08:31:20.243+0200] [glassfish 4.0] [INFO] [] [] [tid: _ThreadID=20 _ThreadName=Thread-3] [timeMillis: 1499149880243] [levelValue: 800] [[
  [CONNEXION]]]

[2017-07-04T08:31:48.954+0200] [glassfish 4.0] [INFO] [] [] [tid: _ThreadID=22 _ThreadName=Thread-3] [timeMillis: 1499149908954] [levelValue: 800] [[
  [DECONNEXION] null]]

[2017-07-04T08:31:49.026+0200] [glassfish 4.0] [INFO] [] [] [tid: _ThreadID=21 _ThreadName=Thread-3] [timeMillis: 1499149909026] [levelValue: 800] [[
  [CONNEXION]]]

[2017-07-04T08:34:05.745+0200] [glassfish 4.0] [INFO] [] [] [tid: _ThreadID=23 _ThreadName=Thread-3] [timeMillis: 1499150045745] [levelValue: 800] [[
  [DECONNEXION] null]]

[2017-07-04T08:34:05.804+0200] [glassfish 4.0] [INFO] [] [] [tid: _ThreadID=19 _ThreadName=Thread-3] [timeMillis: 1499150045804] [levelValue: 800] [[
  [CONNEXION]]]

[2017-07-04T08:34:09.269+0200] [glassfish 4.0] [INFO] [] [] [tid: _ThreadID=20 _ThreadName=Thread-3] [timeMillis: 1499150049269] [levelValue: 800] [[
  [DECONNEXION] null]]

[2017-07-04T08:34:09.341+0200] [glassfish 4.0] [INFO] [] [] [tid: _ThreadID=22 _ThreadName=Thread-3] [timeMillis: 1499150049341] [levelValue: 800] [[
  [CONNEXION]]]

[2017-07-04T08:34:13.140+0200] [glassfish 4.0] [INFO] [] [] [tid: _ThreadID=23 _ThreadName=Thread-3] [timeMillis: 1499150053140] [levelValue: 800] [[
  [DECONNEXION] null]]

[2017-07-04T08:34:15.759+0200] [glassfish 4.0] [INFO] [] [] [tid: _ThreadID=19 _ThreadName=Thread-3] [timeMillis: 1499150055759] [levelValue: 800] [[
  [CONNEXION]]]

[2017-07-04T08:34:30.377+0200] [glassfish 4.0] [INFO] [] [] [tid: _ThreadID=22 _ThreadName=Thread-3] [timeMillis: 1499150070377] [levelValue: 800] [[
  [DECONNEXION] null]]

[2017-07-04T08:34:30.442+0200] [glassfish 4.0] [INFO] [] [] [tid: _ThreadID=21 _ThreadName=Thread-3] [timeMillis: 1499150070442] [levelValue: 800] [[
  [CONNEXION]]]

[2017-07-04T08:34:33.522+0200] [glassfish 4.0] [INFO] [] [] [tid: _ThreadID=23 _ThreadName=Thread-3] [timeMillis: 1499150073522] [levelValue: 800] [[
  message : { id : te, Val : te, date : 2017-07-04T06:34:33.509Z, commande : NULL }]]

[2017-07-04T08:34:33.523+0200] [glassfish 4.0] [INFO] [] [] [tid: _ThreadID=23 _ThreadName=Thread-3] [timeMillis: 1499150073523] [levelValue: 800] [[
  Capteurs connecté : [te, coucou]]]

[2017-07-04T08:34:42.427+0200] [glassfish 4.0] [INFO] [] [] [tid: _ThreadID=20 _ThreadName=Thread-3] [timeMillis: 1499150082427] [levelValue: 800] [[
  message : { id : coucou, Val : teteet, date : 2017-07-04T06:34:42.421Z, commande : NULL }]]

[2017-07-04T08:34:42.427+0200] [glassfish 4.0] [INFO] [] [] [tid: _ThreadID=20 _ThreadName=Thread-3] [timeMillis: 1499150082427] [levelValue: 800] [[
  Capteurs connecté : [te, coucou]]]

[2017-07-04T08:41:44.249+0200] [glassfish 4.0] [WARNING] [] [javax.enterprise.system.container.web.com.sun.web.security] [tid: _ThreadID=36 _ThreadName=admin-listener(4)] [timeMillis: 1499150504249] [levelValue: 900] [[
  Context path from ServletContext:  differs from path from bundle: /]]

[2017-07-04T08:41:45.364+0200] [glassfish 4.0] [SEVERE] [java_security.expired_certificate] [javax.enterprise.system.ssl.security.com.sun.enterprise.security.ssl.impl] [tid: _ThreadID=36 _ThreadName=admin-listener(4)] [timeMillis: 1499150505364] [levelValue: 1000] [[
  SEC5054: Certificate has expired: [
[
  Version: V3
  Subject: CN=GTE CyberTrust Root 5, OU="GTE CyberTrust Solutions, Inc.", O=GTE Corporation, C=US
  Signature Algorithm: SHA1withRSA, OID = 1.2.840.113549.1.1.5

  Key:  Sun RSA public key, 2048 bits
  modulus: 23741889829347261660812437366387754385443431973861114865490414153884050331745811968523116847625570146592736935209718565296053386842135985534863157983128812774162998053673746470782252407673402238146869994438729551246768368782318393878374421033907597162218758024581735139682087126982809511479059100617027892880227587855877479432885604404402435662802390484099065871430585284534529627347717530352189612077130606642676951640071336717026459037542552927905851171460589361570392199748753414855675665635003335769915908187224347232807336022456537328962095005323382940080676931822787496212635993279098588863972868266229522169377
  public exponent: 65537
  Validity: [From: Fri Aug 14 16:50:00 CEST 1998,
               To: Thu Aug 15 01:59:00 CEST 2013]
  Issuer: CN=GTE CyberTrust Root 5, OU="GTE CyberTrust Solutions, Inc.", O=GTE Corporation, C=US
  SerialNumber: [    01b6]

Certificate Extensions: 4
[1]: ObjectId: 2.5.29.19 Criticality=true
BasicConstraints:[
  CA:true
  PathLen:5
]

[2]: ObjectId: 2.5.29.32 Criticality=false
CertificatePolicies [
  [CertificatePolicyId: [1.2.840.113763.1.2.1.3]
[]  ]
]

[3]: ObjectId: 2.5.29.15 Criticality=true
KeyUsage [
  Key_CertSign
  Crl_Sign
]

[4]: ObjectId: 2.5.29.14 Criticality=false
SubjectKeyIdentifier [
KeyIdentifier [
0000: 76 0A 49 21 38 4C 9F DE   F8 C4 49 C7 71 71 91 9D  v.I!8L....I.qq..
]
]

]
  Algorithm: [SHA1withRSA]
  Signature:
0000: 41 3A D4 18 5B DA B8 DE   21 1C E1 8E 09 E5 F1 68  A:..[...!......h
0010: 34 FF DE 96 F4 07 F5 A7   3C F3 AC 4A B1 9B FA 92  4.......<..J....
0020: FA 9B ED E6 32 21 AA 4A   76 C5 DC 4F 38 E5 DF D5  ....2!.Jv..O8...
0030: 86 E4 D5 C8 76 7D 98 D7   B1 CD 8F 4D B5 91 23 6C  ....v......M..#l
0040: 8B 8A EB EA 7C EF 14 94   C4 C6 F0 1F 4A 2D 32 71  ............J-2q
0050: 63 2B 63 91 26 02 09 B6   80 1D ED E2 CC B8 7F DB  c+c.&...........
0060: 87 63 C8 E1 D0 6C 26 B1   35 1D 40 66 10 1B CD 95  .c...l&.5.@f....
0070: 54 18 33 61 EC 13 4F DA   13 F7 99 AF 3E D0 CF 8E  T.3a..O.....>...
0080: A6 72 A2 B3 C3 05 9A C9   27 7D 92 CC 7E 52 8D B3  .r......'....R..
0090: AB 70 6D 9E 89 9F 4D EB   1A 75 C2 98 AA D5 02 16  .pm...M..u......
00A0: D7 0C 8A BF 25 E4 EB 2D   BC 98 E9 58 38 19 7C B9  ....%..-...X8...
00B0: 37 FE DB E2 99 08 73 06   C7 97 83 6A 7D 10 01 2F  7.....s....j.../
00C0: 32 B9 17 05 4A 65 E6 2F   CE BE 5E 53 A6 82 E9 9A  2...Je./..^S....
00D0: 53 0A 84 74 2D 83 CA C8   94 16 76 5F 94 61 28 F0  S..t-.....v_.a(.
00E0: 85 A7 39 BB D7 8B D9 A8   B2 13 1D 54 09 34 24 7D  ..9........T.4$.
00F0: 20 81 7D 66 7E A2 90 74   5C 10 C6 BD EC AB 1B C2   ..f...t\.......

]]]

[2017-07-04T08:41:46.544+0200] [glassfish 4.0] [SEVERE] [java_security.expired_certificate] [javax.enterprise.system.ssl.security.com.sun.enterprise.security.ssl.impl] [tid: _ThreadID=33 _ThreadName=admin-listener(1)] [timeMillis: 1499150506544] [levelValue: 1000] [[
  SEC5054: Certificate has expired: [
[
  Version: V3
  Subject: CN=GTE CyberTrust Root 5, OU="GTE CyberTrust Solutions, Inc.", O=GTE Corporation, C=US
  Signature Algorithm: SHA1withRSA, OID = 1.2.840.113549.1.1.5

  Key:  Sun RSA public key, 2048 bits
  modulus: 23741889829347261660812437366387754385443431973861114865490414153884050331745811968523116847625570146592736935209718565296053386842135985534863157983128812774162998053673746470782252407673402238146869994438729551246768368782318393878374421033907597162218758024581735139682087126982809511479059100617027892880227587855877479432885604404402435662802390484099065871430585284534529627347717530352189612077130606642676951640071336717026459037542552927905851171460589361570392199748753414855675665635003335769915908187224347232807336022456537328962095005323382940080676931822787496212635993279098588863972868266229522169377
  public exponent: 65537
  Validity: [From: Fri Aug 14 16:50:00 CEST 1998,
               To: Thu Aug 15 01:59:00 CEST 2013]
  Issuer: CN=GTE CyberTrust Root 5, OU="GTE CyberTrust Solutions, Inc.", O=GTE Corporation, C=US
  SerialNumber: [    01b6]

Certificate Extensions: 4
[1]: ObjectId: 2.5.29.19 Criticality=true
BasicConstraints:[
  CA:true
  PathLen:5
]

[2]: ObjectId: 2.5.29.32 Criticality=false
CertificatePolicies [
  [CertificatePolicyId: [1.2.840.113763.1.2.1.3]
[]  ]
]

[3]: ObjectId: 2.5.29.15 Criticality=true
KeyUsage [
  Key_CertSign
  Crl_Sign
]

[4]: ObjectId: 2.5.29.14 Criticality=false
SubjectKeyIdentifier [
KeyIdentifier [
0000: 76 0A 49 21 38 4C 9F DE   F8 C4 49 C7 71 71 91 9D  v.I!8L....I.qq..
]
]

]
  Algorithm: [SHA1withRSA]
  Signature:
0000: 41 3A D4 18 5B DA B8 DE   21 1C E1 8E 09 E5 F1 68  A:..[...!......h
0010: 34 FF DE 96 F4 07 F5 A7   3C F3 AC 4A B1 9B FA 92  4.......<..J....
0020: FA 9B ED E6 32 21 AA 4A   76 C5 DC 4F 38 E5 DF D5  ....2!.Jv..O8...
0030: 86 E4 D5 C8 76 7D 98 D7   B1 CD 8F 4D B5 91 23 6C  ....v......M..#l
0040: 8B 8A EB EA 7C EF 14 94   C4 C6 F0 1F 4A 2D 32 71  ............J-2q
0050: 63 2B 63 91 26 02 09 B6   80 1D ED E2 CC B8 7F DB  c+c.&...........
0060: 87 63 C8 E1 D0 6C 26 B1   35 1D 40 66 10 1B CD 95  .c...l&.5.@f....
0070: 54 18 33 61 EC 13 4F DA   13 F7 99 AF 3E D0 CF 8E  T.3a..O.....>...
0080: A6 72 A2 B3 C3 05 9A C9   27 7D 92 CC 7E 52 8D B3  .r......'....R..
0090: AB 70 6D 9E 89 9F 4D EB   1A 75 C2 98 AA D5 02 16  .pm...M..u......
00A0: D7 0C 8A BF 25 E4 EB 2D   BC 98 E9 58 38 19 7C B9  ....%..-...X8...
00B0: 37 FE DB E2 99 08 73 06   C7 97 83 6A 7D 10 01 2F  7.....s....j.../
00C0: 32 B9 17 05 4A 65 E6 2F   CE BE 5E 53 A6 82 E9 9A  2...Je./..^S....
00D0: 53 0A 84 74 2D 83 CA C8   94 16 76 5F 94 61 28 F0  S..t-.....v_.a(.
00E0: 85 A7 39 BB D7 8B D9 A8   B2 13 1D 54 09 34 24 7D  ..9........T.4$.
00F0: 20 81 7D 66 7E A2 90 74   5C 10 C6 BD EC AB 1B C2   ..f...t\.......

]]]

[2017-07-04T08:41:46.604+0200] [glassfish 4.0] [INFO] [] [org.glassfish.admingui] [tid: _ThreadID=33 _ThreadName=admin-listener(1)] [timeMillis: 1499150506604] [levelValue: 800] [[
  Redirecting to /]]

[2017-07-04T08:41:46.750+0200] [glassfish 4.0] [INFO] [] [org.glassfish.admingui] [tid: _ThreadID=34 _ThreadName=admin-listener(2)] [timeMillis: 1499150506750] [levelValue: 800] [[
  Admin Console: Initializing Session Attributes...]]

[2017-07-04T08:42:28.669+0200] [glassfish 4.0] [INFO] [AS-WEB-GLUE-00198] [javax.enterprise.web] [tid: _ThreadID=325 _ThreadName=pool-37-thread-1] [timeMillis: 1499150548669] [levelValue: 800] [[
  Created HTTP listener http-listener-1 on host/port 0.0.0.0:80]]

[2017-07-04T08:42:28.700+0200] [glassfish 4.0] [INFO] [AS-WEB-GLUE-00198] [javax.enterprise.web] [tid: _ThreadID=324 _ThreadName=pool-33-thread-1] [timeMillis: 1499150548700] [levelValue: 800] [[
  Created HTTP listener http-listener-1 on host/port 0.0.0.0:80]]

[2017-07-04T08:42:34.515+0200] [glassfish 4.0] [INFO] [] [javax.enterprise.system.core] [tid: _ThreadID=332 _ThreadName=Thread-32] [timeMillis: 1499150554515] [levelValue: 800] [[
  Server shutdown initiated]]

[2017-07-04T08:42:34.530+0200] [glassfish 4.0] [INFO] [NCLS-BOOTSTRAP-00028] [javax.enterprise.bootstrap] [tid: _ThreadID=332 _ThreadName=Thread-32] [timeMillis: 1499150554530] [levelValue: 800] [[
  Unregistered com.sun.enterprise.glassfish.bootstrap.osgi.EmbeddedOSGiGlassFishImpl@6fb0261e from service registry.]]

[2017-07-04T08:42:34.530+0200] [glassfish 4.0] [INFO] [] [] [tid: _ThreadID=332 _ThreadName=Thread-3] [timeMillis: 1499150554530] [levelValue: 800] [[
  FileMonitoring shutdown]]

[2017-07-04T08:42:34.547+0200] [glassfish 4.0] [INFO] [NCLS-JMX-00002] [javax.enterprise.system.jmx] [tid: _ThreadID=332 _ThreadName=Thread-32] [timeMillis: 1499150554547] [levelValue: 800] [[
  JMXStartupService: Stopped JMXConnectorServer: null]]

[2017-07-04T08:42:34.548+0200] [glassfish 4.0] [INFO] [NCLS-JMX-00001] [javax.enterprise.system.jmx] [tid: _ThreadID=332 _ThreadName=Thread-32] [timeMillis: 1499150554548] [levelValue: 800] [[
  JMXStartupService and JMXConnectors have been shut down.]]

[2017-07-04T08:42:34.596+0200] [glassfish 4.0] [SEVERE] [] [javax.enterprise.web.util] [tid: _ThreadID=332 _ThreadName=Thread-32] [timeMillis: 1499150554596] [levelValue: 1000] [[
  The web application [] created a ThreadLocal with key of type [java.lang.ThreadLocal] (value [java.lang.ThreadLocal@3c5584f]) and a value of type [org.glassfish.admingui.theme.AdminguiThemeContext] (value [org.glassfish.admingui.theme.AdminguiThemeContext@5d595759]) but failed to remove it when the web application was stopped. Threads are going to be renewed over time to try and avoid a probable memory leak.]]

[2017-07-04T08:42:34.597+0200] [glassfish 4.0] [SEVERE] [] [javax.enterprise.web.util] [tid: _ThreadID=332 _ThreadName=Thread-32] [timeMillis: 1499150554597] [levelValue: 1000] [[
  The web application [] created a ThreadLocal with key of type [java.lang.ThreadLocal] (value [java.lang.ThreadLocal@3c5584f]) and a value of type [org.glassfish.admingui.theme.AdminguiThemeContext] (value [org.glassfish.admingui.theme.AdminguiThemeContext@5d595759]) but failed to remove it when the web application was stopped. Threads are going to be renewed over time to try and avoid a probable memory leak.]]

[2017-07-04T08:42:34.597+0200] [glassfish 4.0] [SEVERE] [] [javax.enterprise.web.util] [tid: _ThreadID=332 _ThreadName=Thread-32] [timeMillis: 1499150554597] [levelValue: 1000] [[
  The web application [] created a ThreadLocal with key of type [java.lang.ThreadLocal] (value [java.lang.ThreadLocal@3c5584f]) and a value of type [org.glassfish.admingui.theme.AdminguiThemeContext] (value [org.glassfish.admingui.theme.AdminguiThemeContext@5d595759]) but failed to remove it when the web application was stopped. Threads are going to be renewed over time to try and avoid a probable memory leak.]]

[2017-07-04T08:42:34.916+0200] [glassfish 4.0] [INFO] [] [] [tid: _ThreadID=332 _ThreadName=Thread-3] [timeMillis: 1499150554916] [levelValue: 800] [[
  JdbcRuntimeExtension,  getAllSystemRAResourcesAndPools = [GlassFishConfigBean.org.glassfish.jdbc.config.JdbcResource, GlassFishConfigBean.org.glassfish.jdbc.config.JdbcResource, GlassFishConfigBean.org.glassfish.jdbc.config.JdbcConnectionPool, GlassFishConfigBean.org.glassfish.jdbc.config.JdbcConnectionPool]]]

[2017-07-04T08:42:46.884+0200] [glassfish 4.0] [INFO] [NCLS-LOGGING-00009] [javax.enterprise.logging] [tid: _ThreadID=1 _ThreadName=main] [timeMillis: 1499150566884] [levelValue: 800] [[
  Running GlassFish Version: GlassFish Server Open Source Edition  4.0  (build 89)]]

[2017-07-04T08:42:46.885+0200] [glassfish 4.0] [INFO] [NCLS-LOGGING-00010] [javax.enterprise.logging] [tid: _ThreadID=1 _ThreadName=main] [timeMillis: 1499150566885] [levelValue: 800] [[
  Server log file is using Formatter class: com.sun.enterprise.server.logging.ODLLogFormatter]]

[2017-07-04T08:42:46.960+0200] [glassfish 4.0] [INFO] [realm.loaded.successfully] [javax.enterprise.system.core.security.com.sun.enterprise.security.auth.realm] [tid: _ThreadID=1 _ThreadName=main] [timeMillis: 1499150566960] [levelValue: 800] [[
  SEC1115: Realm [admin-realm] of classtype [com.sun.enterprise.security.auth.realm.file.FileRealm] successfully created.]]

[2017-07-04T08:42:46.963+0200] [glassfish 4.0] [INFO] [realm.loaded.successfully] [javax.enterprise.system.core.security.com.sun.enterprise.security.auth.realm] [tid: _ThreadID=1 _ThreadName=main] [timeMillis: 1499150566963] [levelValue: 800] [[
  SEC1115: Realm [file] of classtype [com.sun.enterprise.security.auth.realm.file.FileRealm] successfully created.]]

[2017-07-04T08:42:46.966+0200] [glassfish 4.0] [INFO] [realm.loaded.successfully] [javax.enterprise.system.core.security.com.sun.enterprise.security.auth.realm] [tid: _ThreadID=1 _ThreadName=main] [timeMillis: 1499150566966] [levelValue: 800] [[
  SEC1115: Realm [certificate] of classtype [com.sun.enterprise.security.auth.realm.certificate.CertificateRealm] successfully created.]]

[2017-07-04T08:42:47.179+0200] [glassfish 4.0] [INFO] [] [javax.enterprise.system.core] [tid: _ThreadID=1 _ThreadName=main] [timeMillis: 1499150567179] [levelValue: 800] [[
  Grizzly Framework 2.3.1 started in: 8ms - bound to [/0.0.0.0:8,181]]]

[2017-07-04T08:42:47.183+0200] [glassfish 4.0] [INFO] [] [javax.enterprise.system.core] [tid: _ThreadID=1 _ThreadName=main] [timeMillis: 1499150567183] [levelValue: 800] [[
  Grizzly Framework 2.3.1 started in: 0ms - bound to [/0.0.0.0:5,000]]]

[2017-07-04T08:42:47.327+0200] [glassfish 4.0] [INFO] [] [javax.enterprise.system.core.security.org.glassfish.security.services.impl.authorization] [tid: _ThreadID=1 _ThreadName=main] [timeMillis: 1499150567327] [levelValue: 800] [[
  Authorization Service has successfully initialized.]]

[2017-07-04T08:42:47.345+0200] [glassfish 4.0] [INFO] [] [javax.enterprise.system.core] [tid: _ThreadID=1 _ThreadName=main] [timeMillis: 1499150567345] [levelValue: 800] [[
  Grizzly Framework 2.3.1 started in: 1ms - bound to [/0.0.0.0:3,700]]]

[2017-07-04T08:42:47.488+0200] [glassfish 4.0] [INFO] [] [] [tid: _ThreadID=1 _ThreadName=main] [timeMillis: 1499150567488] [levelValue: 800] [[
  this.makeModuleFor(org.glassfish.main.web.glue, null) returned OSGiModuleImpl:: Bundle = [org.glassfish.main.web.glue [263]], State = [READY]]]

[2017-07-04T08:42:47.488+0200] [glassfish 4.0] [INFO] [] [] [tid: _ThreadID=1 _ThreadName=main] [timeMillis: 1499150567488] [levelValue: 800] [[
  this.makeModuleFor(org.glassfish.web.javax.servlet.jsp, null) returned OSGiModuleImpl:: Bundle = [org.glassfish.web.javax.servlet.jsp [149]], State = [READY]]]

[2017-07-04T08:42:47.575+0200] [glassfish 4.0] [INFO] [] [javax.enterprise.system.tools.deployment.common] [tid: _ThreadID=1 _ThreadName=main] [timeMillis: 1499150567575] [levelValue: 800] [[
  visiting unvisited references]]

[2017-07-04T08:42:47.809+0200] [glassfish 4.0] [SEVERE] [java_security.expired_certificate] [javax.enterprise.system.ssl.security.com.sun.enterprise.security.ssl.impl] [tid: _ThreadID=1 _ThreadName=main] [timeMillis: 1499150567809] [levelValue: 1000] [[
  SEC5054: Certificate has expired: [
[
  Version: V3
  Subject: CN=GTE CyberTrust Root 5, OU="GTE CyberTrust Solutions, Inc.", O=GTE Corporation, C=US
  Signature Algorithm: SHA1withRSA, OID = 1.2.840.113549.1.1.5

  Key:  Sun RSA public key, 2048 bits
  modulus: 23741889829347261660812437366387754385443431973861114865490414153884050331745811968523116847625570146592736935209718565296053386842135985534863157983128812774162998053673746470782252407673402238146869994438729551246768368782318393878374421033907597162218758024581735139682087126982809511479059100617027892880227587855877479432885604404402435662802390484099065871430585284534529627347717530352189612077130606642676951640071336717026459037542552927905851171460589361570392199748753414855675665635003335769915908187224347232807336022456537328962095005323382940080676931822787496212635993279098588863972868266229522169377
  public exponent: 65537
  Validity: [From: Fri Aug 14 16:50:00 CEST 1998,
               To: Thu Aug 15 01:59:00 CEST 2013]
  Issuer: CN=GTE CyberTrust Root 5, OU="GTE CyberTrust Solutions, Inc.", O=GTE Corporation, C=US
  SerialNumber: [    01b6]

Certificate Extensions: 4
[1]: ObjectId: 2.5.29.19 Criticality=true
BasicConstraints:[
  CA:true
  PathLen:5
]

[2]: ObjectId: 2.5.29.32 Criticality=false
CertificatePolicies [
  [CertificatePolicyId: [1.2.840.113763.1.2.1.3]
[]  ]
]

[3]: ObjectId: 2.5.29.15 Criticality=true
KeyUsage [
  Key_CertSign
  Crl_Sign
]

[4]: ObjectId: 2.5.29.14 Criticality=false
SubjectKeyIdentifier [
KeyIdentifier [
0000: 76 0A 49 21 38 4C 9F DE   F8 C4 49 C7 71 71 91 9D  v.I!8L....I.qq..
]
]

]
  Algorithm: [SHA1withRSA]
  Signature:
0000: 41 3A D4 18 5B DA B8 DE   21 1C E1 8E 09 E5 F1 68  A:..[...!......h
0010: 34 FF DE 96 F4 07 F5 A7   3C F3 AC 4A B1 9B FA 92  4.......<..J....
0020: FA 9B ED E6 32 21 AA 4A   76 C5 DC 4F 38 E5 DF D5  ....2!.Jv..O8...
0030: 86 E4 D5 C8 76 7D 98 D7   B1 CD 8F 4D B5 91 23 6C  ....v......M..#l
0040: 8B 8A EB EA 7C EF 14 94   C4 C6 F0 1F 4A 2D 32 71  ............J-2q
0050: 63 2B 63 91 26 02 09 B6   80 1D ED E2 CC B8 7F DB  c+c.&...........
0060: 87 63 C8 E1 D0 6C 26 B1   35 1D 40 66 10 1B CD 95  .c...l&.5.@f....
0070: 54 18 33 61 EC 13 4F DA   13 F7 99 AF 3E D0 CF 8E  T.3a..O.....>...
0080: A6 72 A2 B3 C3 05 9A C9   27 7D 92 CC 7E 52 8D B3  .r......'....R..
0090: AB 70 6D 9E 89 9F 4D EB   1A 75 C2 98 AA D5 02 16  .pm...M..u......
00A0: D7 0C 8A BF 25 E4 EB 2D   BC 98 E9 58 38 19 7C B9  ....%..-...X8...
00B0: 37 FE DB E2 99 08 73 06   C7 97 83 6A 7D 10 01 2F  7.....s....j.../
00C0: 32 B9 17 05 4A 65 E6 2F   CE BE 5E 53 A6 82 E9 9A  2...Je./..^S....
00D0: 53 0A 84 74 2D 83 CA C8   94 16 76 5F 94 61 28 F0  S..t-.....v_.a(.
00E0: 85 A7 39 BB D7 8B D9 A8   B2 13 1D 54 09 34 24 7D  ..9........T.4$.
00F0: 20 81 7D 66 7E A2 90 74   5C 10 C6 BD EC AB 1B C2   ..f...t\.......

]]]

[2017-07-04T08:42:47.826+0200] [glassfish 4.0] [INFO] [security.secmgroff] [javax.enterprise.system.core.security.com.sun.enterprise.security] [tid: _ThreadID=1 _ThreadName=main] [timeMillis: 1499150567826] [levelValue: 800] [[
  SEC1002: Security Manager is OFF.]]

[2017-07-04T08:42:47.826+0200] [glassfish 4.0] [INFO] [sec.service.startup.enter] [javax.enterprise.system.core.security.com.sun.enterprise.security] [tid: _ThreadID=1 _ThreadName=main] [timeMillis: 1499150567826] [levelValue: 800] [[
  SEC1010: Entering Security Startup Service]]

[2017-07-04T08:42:47.829+0200] [glassfish 4.0] [INFO] [policy.loading] [javax.enterprise.system.core.security.com.sun.enterprise.security] [tid: _ThreadID=1 _ThreadName=main] [timeMillis: 1499150567829] [levelValue: 800] [[
  SEC1143: Loading policy provider com.sun.enterprise.security.provider.PolicyWrapper.]]

[2017-07-04T08:42:47.850+0200] [glassfish 4.0] [INFO] [sec.service.startup.exit] [javax.enterprise.system.core.security.com.sun.enterprise.security] [tid: _ThreadID=1 _ThreadName=main] [timeMillis: 1499150567850] [levelValue: 800] [[
  SEC1011: Security Service(s) Started Successfully]]

[2017-07-04T08:42:47.988+0200] [glassfish 4.0] [INFO] [AS-WEB-GLUE-00198] [javax.enterprise.web] [tid: _ThreadID=1 _ThreadName=main] [timeMillis: 1499150567988] [levelValue: 800] [[
  Created HTTP listener http-listener-1 on host/port 0.0.0.0:80]]

[2017-07-04T08:42:47.992+0200] [glassfish 4.0] [INFO] [AS-WEB-GLUE-00198] [javax.enterprise.web] [tid: _ThreadID=1 _ThreadName=main] [timeMillis: 1499150567992] [levelValue: 800] [[
  Created HTTP listener http-listener-2 on host/port 0.0.0.0:8181]]

[2017-07-04T08:42:47.994+0200] [glassfish 4.0] [INFO] [AS-WEB-GLUE-00198] [javax.enterprise.web] [tid: _ThreadID=1 _ThreadName=main] [timeMillis: 1499150567994] [levelValue: 800] [[
  Created HTTP listener admin-listener on host/port 0.0.0.0:5000]]

[2017-07-04T08:42:48.007+0200] [glassfish 4.0] [SEVERE] [AS-WEB-GLUE-00167] [javax.enterprise.web] [tid: _ThreadID=1 _ThreadName=main] [timeMillis: 1499150568007] [levelValue: 1000] [[
  Error adding HttpProbes. NetworkListener http-listener-1s GrizzlyProxy is NULL]]

[2017-07-04T08:42:48.010+0200] [glassfish 4.0] [INFO] [AS-WEB-GLUE-00200] [javax.enterprise.web] [tid: _ThreadID=1 _ThreadName=main] [timeMillis: 1499150568010] [levelValue: 800] [[
  Created virtual server server]]

[2017-07-04T08:42:48.012+0200] [glassfish 4.0] [INFO] [AS-WEB-GLUE-00200] [javax.enterprise.web] [tid: _ThreadID=1 _ThreadName=main] [timeMillis: 1499150568012] [levelValue: 800] [[
  Created virtual server __asadmin]]

[2017-07-04T08:42:48.144+0200] [glassfish 4.0] [INFO] [AS-WEB-CORE-00306] [javax.enterprise.web.core] [tid: _ThreadID=1 _ThreadName=main] [timeMillis: 1499150568144] [levelValue: 800] [[
  Setting JAAS app name glassfish-web]]

[2017-07-04T08:42:48.144+0200] [glassfish 4.0] [INFO] [AS-WEB-GLUE-00201] [javax.enterprise.web] [tid: _ThreadID=1 _ThreadName=main] [timeMillis: 1499150568144] [levelValue: 800] [[
  Virtual server server loaded default web module ]]

[2017-07-04T08:42:48.384+0200] [glassfish 4.0] [INFO] [] [javax.enterprise.system.tools.deployment.common] [tid: _ThreadID=1 _ThreadName=main] [timeMillis: 1499150568384] [levelValue: 800] [[
  visiting unvisited references]]

[2017-07-04T08:42:48.393+0200] [glassfish 4.0] [INFO] [] [javax.enterprise.system.tools.deployment.common] [tid: _ThreadID=1 _ThreadName=main] [timeMillis: 1499150568393] [levelValue: 800] [[
  visiting unvisited references]]

[2017-07-04T08:42:48.690+0200] [glassfish 4.0] [INFO] [] [org.glassfish.tyrus.servlet.TyrusServletContainerInitializer] [tid: _ThreadID=1 _ThreadName=main] [timeMillis: 1499150568690] [levelValue: 800] [[
  Registering WebSocket filter for url pattern /*]]

[2017-07-04T08:42:48.777+0200] [glassfish 4.0] [INFO] [AS-WEB-GLUE-00172] [javax.enterprise.web] [tid: _ThreadID=1 _ThreadName=main] [timeMillis: 1499150568777] [levelValue: 800] [[
  Loading application [hephaistos_project] at [/hephaistos_project]]]

[2017-07-04T08:42:48.783+0200] [glassfish 4.0] [INFO] [NCLS-CORE-00022] [javax.enterprise.system.core] [tid: _ThreadID=1 _ThreadName=main] [timeMillis: 1499150568783] [levelValue: 800] [[
  Loading application hephaistos_project done in 1,354 ms]]

[2017-07-04T08:42:48.794+0200] [glassfish 4.0] [INFO] [] [org.glassfish.ha.store.spi.BackingStoreFactoryRegistry] [tid: _ThreadID=1 _ThreadName=main] [timeMillis: 1499150568794] [levelValue: 800] [[
  Registered org.glassfish.ha.store.adapter.cache.ShoalBackingStoreProxy for persistence-type = replicated in BackingStoreFactoryRegistry]]

[2017-07-04T08:42:48.805+0200] [glassfish 4.0] [INFO] [NCLS-CORE-00017] [javax.enterprise.system.core] [tid: _ThreadID=1 _ThreadName=main] [timeMillis: 1499150568805] [levelValue: 800] [[
  GlassFish Server Open Source Edition  4.0  (89) startup time : Felix (4,183ms), startup services(2,003ms), total(6,186ms)]]

[2017-07-04T08:42:48.806+0200] [glassfish 4.0] [SEVERE] [NCLS-CORE-00019] [javax.enterprise.system.core] [tid: _ThreadID=1 _ThreadName=main] [timeMillis: 1499150568806] [levelValue: 1000] [[
  Shutting down server due to startup exception
java.net.SocketException: Permission denied
	at sun.nio.ch.Net.bind0(Native Method)
	at sun.nio.ch.Net.bind(Net.java:433)
	at sun.nio.ch.Net.bind(Net.java:425)
	at sun.nio.ch.ServerSocketChannelImpl.bind(ServerSocketChannelImpl.java:223)
	at sun.nio.ch.ServerSocketAdaptor.bind(ServerSocketAdaptor.java:74)
	at org.glassfish.grizzly.nio.transport.TCPNIOBindingHandler.bindToChannelAndAddress(TCPNIOBindingHandler.java:131)
	at org.glassfish.grizzly.nio.transport.TCPNIOBindingHandler.bind(TCPNIOBindingHandler.java:87)
	at org.glassfish.grizzly.nio.transport.TCPNIOTransport.bind(TCPNIOTransport.java:450)
	at org.glassfish.grizzly.nio.transport.TCPNIOTransport.bind(TCPNIOTransport.java:439)
	at org.glassfish.grizzly.nio.transport.TCPNIOTransport.bind(TCPNIOTransport.java:95)
	at org.glassfish.grizzly.config.GenericGrizzlyListener.start(GenericGrizzlyListener.java:168)
	at com.sun.enterprise.v3.services.impl.GlassfishNetworkListener.start(GlassfishNetworkListener.java:94)
	at com.sun.enterprise.v3.services.impl.GrizzlyProxy.start(GrizzlyProxy.java:230)
	at com.sun.enterprise.v3.services.impl.GrizzlyService.createNetworkProxy(GrizzlyService.java:470)
	at com.sun.enterprise.v3.services.impl.GrizzlyService.postConstruct(GrizzlyService.java:393)
	at org.jvnet.hk2.internal.ClazzCreator.postConstructMe(ClazzCreator.java:281)
	at org.jvnet.hk2.internal.ClazzCreator.create(ClazzCreator.java:328)
	at org.jvnet.hk2.internal.SystemDescriptor.create(SystemDescriptor.java:448)
	at org.glassfish.hk2.runlevel.internal.AsyncRunLevelContext.findOrCreate(AsyncRunLevelContext.java:163)
	at org.jvnet.hk2.internal.Utilities.createService(Utilities.java:2204)
	at org.jvnet.hk2.internal.ServiceHandleImpl.getService(ServiceHandleImpl.java:93)
	at org.glassfish.hk2.runlevel.internal.CurrentTaskFuture$QueueRunner.oneJob(CurrentTaskFuture.java:673)
	at org.glassfish.hk2.runlevel.internal.CurrentTaskFuture$QueueRunner.run(CurrentTaskFuture.java:660)
	at org.glassfish.hk2.runlevel.internal.CurrentTaskFuture$UpOneJob.run(CurrentTaskFuture.java:490)
	at org.glassfish.hk2.runlevel.internal.CurrentTaskFuture$UpAllTheWay.go(CurrentTaskFuture.java:362)
	at org.glassfish.hk2.runlevel.internal.CurrentTaskFuture$UpAllTheWay.access$100(CurrentTaskFuture.java:279)
	at org.glassfish.hk2.runlevel.internal.CurrentTaskFuture.go(CurrentTaskFuture.java:113)
	at org.glassfish.hk2.runlevel.internal.AsyncRunLevelContext.proceedTo(AsyncRunLevelContext.java:296)
	at org.glassfish.hk2.runlevel.internal.RunLevelControllerImpl.proceedTo(RunLevelControllerImpl.java:66)
	at com.sun.enterprise.v3.server.AppServerStartup.proceedTo(AppServerStartup.java:532)
	at com.sun.enterprise.v3.server.AppServerStartup.run(AppServerStartup.java:329)
	at com.sun.enterprise.v3.server.AppServerStartup.doStart(AppServerStartup.java:226)
	at com.sun.enterprise.v3.server.AppServerStartup.start(AppServerStartup.java:217)
	at com.sun.enterprise.glassfish.bootstrap.GlassFishImpl.start(GlassFishImpl.java:79)
	at com.sun.enterprise.glassfish.bootstrap.GlassFishDecorator.start(GlassFishDecorator.java:63)
	at com.sun.enterprise.glassfish.bootstrap.osgi.EmbeddedOSGiGlassFishImpl.start(EmbeddedOSGiGlassFishImpl.java:75)
	at com.sun.enterprise.glassfish.bootstrap.GlassFishDecorator.start(GlassFishDecorator.java:63)
	at com.sun.enterprise.glassfish.bootstrap.osgi.OSGiGlassFishImpl.start(OSGiGlassFishImpl.java:71)
	at com.sun.enterprise.glassfish.bootstrap.GlassFishMain$Launcher.launch(GlassFishMain.java:117)
	at sun.reflect.NativeMethodAccessorImpl.invoke0(Native Method)
	at sun.reflect.NativeMethodAccessorImpl.invoke(NativeMethodAccessorImpl.java:62)
	at sun.reflect.DelegatingMethodAccessorImpl.invoke(DelegatingMethodAccessorImpl.java:43)
	at java.lang.reflect.Method.invoke(Method.java:498)
	at com.sun.enterprise.glassfish.bootstrap.GlassFishMain.main(GlassFishMain.java:97)
	at com.sun.enterprise.glassfish.bootstrap.ASMain.main(ASMain.java:54)
]]

[2017-07-04T08:42:48.864+0200] [glassfish 4.0] [INFO] [] [org.hibernate.validator.internal.util.Version] [tid: _ThreadID=57 _ThreadName=pool-6-thread-2] [timeMillis: 1499150568864] [levelValue: 800] [[
  HV000001: Hibernate Validator 5.0.0.Final]]

[2017-07-04T08:42:48.971+0200] [glassfish 4.0] [INFO] [] [javax.enterprise.system.core] [tid: _ThreadID=58 _ThreadName=Thread-8] [timeMillis: 1499150568971] [levelValue: 800] [[
  Server shutdown initiated]]

[2017-07-04T08:42:48.979+0200] [glassfish 4.0] [INFO] [NCLS-BOOTSTRAP-00027] [javax.enterprise.bootstrap] [tid: _ThreadID=1 _ThreadName=main] [timeMillis: 1499150568979] [levelValue: 800] [[
  Registered com.sun.enterprise.glassfish.bootstrap.osgi.EmbeddedOSGiGlassFishImpl@440ef8d as OSGi service registration: org.apache.felix.framework.ServiceRegistrationImpl@167a21b.]]

[2017-07-04T08:42:49.033+0200] [glassfish 4.0] [INFO] [] [org.glassfish.jersey.server.ApplicationHandler] [tid: _ThreadID=56 _ThreadName=pool-6-thread-1] [timeMillis: 1499150569033] [levelValue: 800] [[
  Initiating Jersey application, version Jersey: 2.0 2013-05-03 14:50:15...]]

[2017-07-04T08:42:49.976+0200] [glassfish 4.0] [INFO] [NCLS-BOOTSTRAP-00028] [javax.enterprise.bootstrap] [tid: _ThreadID=58 _ThreadName=Thread-8] [timeMillis: 1499150569976] [levelValue: 800] [[
  Unregistered com.sun.enterprise.glassfish.bootstrap.osgi.EmbeddedOSGiGlassFishImpl@440ef8d from service registry.]]

