[2017-06-30T13:44:04.953+0200] [] [INFO] [NCLS-GFLAUNCHER-00005] [javax.enterprise.launcher] [tid: _ThreadID=1 _ThreadName=main] [timeMillis: 1498823044953] [levelValue: 800] [[
  JVM invocation command line:
/usr/lib/jvm/java-1.8.0-openjdk-1.8.0.121-1.b14.fc25.x86_64/bin/java
-cp
/run/netsop/u/sop-nas2a/vol/home_hephaistos/mcluchag/Desktop/hephaistos_application/glassfish4/glassfish/modules/glassfish.jar
-XX:+UnlockDiagnosticVMOptions
-XX:NewRatio=2
-XX:MaxPermSize=192m
-Xmx512m
-client
-javaagent:/run/netsop/u/sop-nas2a/vol/home_hephaistos/mcluchag/Desktop/hephaistos_application/glassfish4/glassfish/lib/monitor/flashlight-agent.jar
-Djavax.net.ssl.trustStore=/run/netsop/u/sop-nas2a/vol/home_hephaistos/mcluchag/Desktop/hephaistos_application/glassfish4/glassfish/domains/domain3/config/cacerts.jks
-Dfelix.fileinstall.dir=/run/netsop/u/sop-nas2a/vol/home_hephaistos/mcluchag/Desktop/hephaistos_application/glassfish4/glassfish/modules/autostart/
-Dorg.glassfish.additionalOSGiBundlesToStart=org.apache.felix.shell,org.apache.felix.gogo.runtime,org.apache.felix.gogo.shell,org.apache.felix.gogo.command,org.apache.felix.shell.remote,org.apache.felix.fileinstall
-Dcom.sun.aas.installRoot=/run/netsop/u/sop-nas2a/vol/home_hephaistos/mcluchag/Desktop/hephaistos_application/glassfish4/glassfish
-Dfelix.fileinstall.poll=5000
-Djava.endorsed.dirs=/run/netsop/u/sop-nas2a/vol/home_hephaistos/mcluchag/Desktop/hephaistos_application/glassfish4/glassfish/modules/endorsed:/run/netsop/u/sop-nas2a/vol/home_hephaistos/mcluchag/Desktop/hephaistos_application/glassfish4/glassfish/lib/endorsed
-Djava.security.policy=/run/netsop/u/sop-nas2a/vol/home_hephaistos/mcluchag/Desktop/hephaistos_application/glassfish4/glassfish/domains/domain3/config/server.policy
-Dosgi.shell.telnet.maxconn=1
-Dfelix.fileinstall.bundles.startTransient=true
-Dcom.sun.enterprise.config.config_environment_factory_class=com.sun.enterprise.config.serverbeans.AppserverConfigEnvironmentFactory
-Dfelix.fileinstall.log.level=2
-Djavax.net.ssl.keyStore=/run/netsop/u/sop-nas2a/vol/home_hephaistos/mcluchag/Desktop/hephaistos_application/glassfish4/glassfish/domains/domain3/config/keystore.jks
-Djava.security.auth.login.config=/run/netsop/u/sop-nas2a/vol/home_hephaistos/mcluchag/Desktop/hephaistos_application/glassfish4/glassfish/domains/domain3/config/login.conf
-Dfelix.fileinstall.disableConfigSave=false
-Dfelix.fileinstall.bundles.new.start=true
-Dcom.sun.aas.instanceRoot=/run/netsop/u/sop-nas2a/vol/home_hephaistos/mcluchag/Desktop/hephaistos_application/glassfish4/glassfish/domains/domain3
-Dosgi.shell.telnet.port=6666
-Dgosh.args=--nointeractive
-Dcom.sun.enterprise.security.httpsOutboundKeyAlias=s1as
-Dosgi.shell.telnet.ip=127.0.0.1
-DANTLR_USE_DIRECT_CLASS_LOADING=true
-Djava.awt.headless=true
-Djava.ext.dirs=/usr/lib/jvm/java-1.8.0-openjdk-1.8.0.121-1.b14.fc25.x86_64/lib/ext:/usr/lib/jvm/java-1.8.0-openjdk-1.8.0.121-1.b14.fc25.x86_64/jre/lib/ext:/run/netsop/u/sop-nas2a/vol/home_hephaistos/mcluchag/Desktop/hephaistos_application/glassfish4/glassfish/domains/domain3/lib/ext
-Djdbc.drivers=org.apache.derby.jdbc.ClientDriver
-Djava.library.path=/run/netsop/u/sop-nas2a/vol/home_hephaistos/mcluchag/Desktop/hephaistos_application/glassfish4/glassfish/lib:/usr/java/packages/lib/amd64:/usr/lib64:/lib64:/lib:/usr/lib
com.sun.enterprise.glassfish.bootstrap.ASMain
-upgrade
false
-domaindir
/run/netsop/u/sop-nas2a/vol/home_hephaistos/mcluchag/Desktop/hephaistos_application/glassfish4/glassfish/domains/domain3
-read-stdin
true
-asadmin-args
--host,,,localhost,,,--port,,,4848,,,--secure=false,,,--terse=false,,,--echo=false,,,--interactive=true,,,start-domain,,,--verbose=false,,,--watchdog=false,,,--debug=false,,,--domaindir,,,/run/netsop/u/sop-nas2a/vol/home_hephaistos/mcluchag/Desktop/hephaistos_application/glassfish4/glassfish/domains,,,domain3
-domainname
domain3
-instancename
server
-type
DAS
-verbose
false
-asadmin-classpath
/run/netsop/u/sop-nas2a/vol/home_hephaistos/mcluchag/Desktop/hephaistos_application/glassfish4/glassfish/lib/client/appserver-cli.jar
-debug
false
-asadmin-classname
com.sun.enterprise.admin.cli.AdminMain]]

[2017-06-30T13:44:20.536+0200] [glassfish 4.0] [INFO] [NCLS-LOGGING-00009] [javax.enterprise.logging] [tid: _ThreadID=1 _ThreadName=main] [timeMillis: 1498823060536] [levelValue: 800] [[
  Running GlassFish Version: GlassFish Server Open Source Edition  4.0  (build 89)]]

[2017-06-30T13:44:20.537+0200] [glassfish 4.0] [INFO] [NCLS-LOGGING-00010] [javax.enterprise.logging] [tid: _ThreadID=1 _ThreadName=main] [timeMillis: 1498823060537] [levelValue: 800] [[
  Server log file is using Formatter class: com.sun.enterprise.server.logging.ODLLogFormatter]]

[2017-06-30T13:44:20.730+0200] [glassfish 4.0] [INFO] [realm.loaded.successfully] [javax.enterprise.system.core.security.com.sun.enterprise.security.auth.realm] [tid: _ThreadID=1 _ThreadName=main] [timeMillis: 1498823060730] [levelValue: 800] [[
  SEC1115: Realm [admin-realm] of classtype [com.sun.enterprise.security.auth.realm.file.FileRealm] successfully created.]]

[2017-06-30T13:44:20.733+0200] [glassfish 4.0] [INFO] [realm.loaded.successfully] [javax.enterprise.system.core.security.com.sun.enterprise.security.auth.realm] [tid: _ThreadID=1 _ThreadName=main] [timeMillis: 1498823060733] [levelValue: 800] [[
  SEC1115: Realm [file] of classtype [com.sun.enterprise.security.auth.realm.file.FileRealm] successfully created.]]

[2017-06-30T13:44:20.736+0200] [glassfish 4.0] [INFO] [realm.loaded.successfully] [javax.enterprise.system.core.security.com.sun.enterprise.security.auth.realm] [tid: _ThreadID=1 _ThreadName=main] [timeMillis: 1498823060736] [levelValue: 800] [[
  SEC1115: Realm [certificate] of classtype [com.sun.enterprise.security.auth.realm.certificate.CertificateRealm] successfully created.]]

[2017-06-30T13:44:21.108+0200] [glassfish 4.0] [INFO] [] [javax.enterprise.system.core] [tid: _ThreadID=1 _ThreadName=main] [timeMillis: 1498823061108] [levelValue: 800] [[
  Grizzly Framework 2.3.1 started in: 19ms - bound to [/0.0.0.0:8,080]]]

[2017-06-30T13:44:21.132+0200] [glassfish 4.0] [INFO] [] [javax.enterprise.system.core] [tid: _ThreadID=1 _ThreadName=main] [timeMillis: 1498823061132] [levelValue: 800] [[
  Grizzly Framework 2.3.1 started in: 1ms - bound to [/0.0.0.0:8,181]]]

[2017-06-30T13:44:21.136+0200] [glassfish 4.0] [INFO] [] [javax.enterprise.system.core] [tid: _ThreadID=1 _ThreadName=main] [timeMillis: 1498823061136] [levelValue: 800] [[
  Grizzly Framework 2.3.1 started in: 0ms - bound to [/0.0.0.0:5,000]]]

[2017-06-30T13:44:21.363+0200] [glassfish 4.0] [INFO] [] [javax.enterprise.system.core.security.org.glassfish.security.services.impl.authorization] [tid: _ThreadID=1 _ThreadName=main] [timeMillis: 1498823061363] [levelValue: 800] [[
  Authorization Service has successfully initialized.]]

[2017-06-30T13:44:21.466+0200] [glassfish 4.0] [INFO] [] [javax.enterprise.system.core] [tid: _ThreadID=1 _ThreadName=main] [timeMillis: 1498823061466] [levelValue: 800] [[
  Grizzly Framework 2.3.1 started in: 0ms - bound to [/0.0.0.0:3,700]]]

[2017-06-30T13:44:21.497+0200] [glassfish 4.0] [INFO] [] [org.hibernate.validator.internal.util.Version] [tid: _ThreadID=1 _ThreadName=main] [timeMillis: 1498823061497] [levelValue: 800] [[
  HV000001: Hibernate Validator 5.0.0.Final]]

[2017-06-30T13:44:22.066+0200] [glassfish 4.0] [INFO] [] [org.glassfish.ha.store.spi.BackingStoreFactoryRegistry] [tid: _ThreadID=1 _ThreadName=main] [timeMillis: 1498823062066] [levelValue: 800] [[
  Registered org.glassfish.ha.store.adapter.cache.ShoalBackingStoreProxy for persistence-type = replicated in BackingStoreFactoryRegistry]]

[2017-06-30T13:44:22.140+0200] [glassfish 4.0] [INFO] [NCLS-CORE-00017] [javax.enterprise.system.core] [tid: _ThreadID=1 _ThreadName=main] [timeMillis: 1498823062140] [levelValue: 800] [[
  GlassFish Server Open Source Edition  4.0  (89) startup time : Felix (15,347ms), startup services(1,719ms), total(17,066ms)]]

[2017-06-30T13:44:22.367+0200] [glassfish 4.0] [INFO] [] [org.glassfish.jersey.server.ApplicationHandler] [tid: _ThreadID=61 _ThreadName=pool-14-thread-1] [timeMillis: 1498823062367] [levelValue: 800] [[
  Initiating Jersey application, version Jersey: 2.0 2013-05-03 14:50:15...]]

[2017-06-30T13:44:22.643+0200] [glassfish 4.0] [INFO] [] [javax.enterprise.system.core] [tid: _ThreadID=1 _ThreadName=main] [timeMillis: 1498823062643] [levelValue: 800] [[
  Grizzly Framework 2.3.1 started in: 26ms - bound to [/0.0.0.0:7,676]]]

[2017-06-30T13:44:23.237+0200] [glassfish 4.0] [INFO] [NCLS-BOOTSTRAP-00027] [javax.enterprise.bootstrap] [tid: _ThreadID=1 _ThreadName=main] [timeMillis: 1498823063237] [levelValue: 800] [[
  Registered com.sun.enterprise.glassfish.bootstrap.osgi.EmbeddedOSGiGlassFishImpl@15e08615 as OSGi service registration: org.apache.felix.framework.ServiceRegistrationImpl@56835f2f.]]

[2017-06-30T13:44:23.437+0200] [glassfish 4.0] [INFO] [NCLS-JMX-00005] [javax.enterprise.system.jmx] [tid: _ThreadID=76 _ThreadName=Thread-12] [timeMillis: 1498823063437] [levelValue: 800] [[
  JMXStartupService has started JMXConnector on JMXService URL service:jmx:rmi://taillat.inria.fr:8686/jndi/rmi://taillat.inria.fr:8686/jmxrmi]]

[2017-06-30T13:44:37.781+0200] [glassfish 4.0] [INFO] [NCLS-REST-00001] [javax.enterprise.admin.rest] [tid: _ThreadID=34 _ThreadName=admin-listener(1)] [timeMillis: 1498823077781] [levelValue: 800] [[
  Listening to REST requests at context: /command/domain.]]

[2017-06-30T13:44:38.012+0200] [glassfish 4.0] [INFO] [] [] [tid: _ThreadID=34 _ThreadName=admin-listener(1)] [timeMillis: 1498823078012] [levelValue: 800] [[
  this.makeModuleFor(org.glassfish.main.web.glue, null) returned OSGiModuleImpl:: Bundle = [org.glassfish.main.web.glue [263]], State = [READY]]]

[2017-06-30T13:44:38.015+0200] [glassfish 4.0] [INFO] [] [] [tid: _ThreadID=34 _ThreadName=admin-listener(1)] [timeMillis: 1498823078015] [levelValue: 800] [[
  this.makeModuleFor(org.glassfish.web.javax.servlet.jsp, null) returned OSGiModuleImpl:: Bundle = [org.glassfish.web.javax.servlet.jsp [149]], State = [READY]]]

[2017-06-30T13:44:38.223+0200] [glassfish 4.0] [INFO] [] [javax.enterprise.system.tools.deployment.common] [tid: _ThreadID=34 _ThreadName=admin-listener(1)] [timeMillis: 1498823078223] [levelValue: 800] [[
  visiting unvisited references]]

[2017-06-30T13:44:38.454+0200] [glassfish 4.0] [SEVERE] [java_security.expired_certificate] [javax.enterprise.system.ssl.security.com.sun.enterprise.security.ssl.impl] [tid: _ThreadID=34 _ThreadName=admin-listener(1)] [timeMillis: 1498823078454] [levelValue: 1000] [[
  SEC5054: Certificate has expired: [
[
  Version: V3
  Subject: CN=GTE CyberTrust Root 5, OU="GTE CyberTrust Solutions, Inc.", O=GTE Corporation, C=US
  Signature Algorithm: SHA1withRSA, OID = 1.2.840.113549.1.1.5

  Key:  Sun RSA public key, 2048 bits
  modulus: 23741889829347261660812437366387754385443431973861114865490414153884050331745811968523116847625570146592736935209718565296053386842135985534863157983128812774162998053673746470782252407673402238146869994438729551246768368782318393878374421033907597162218758024581735139682087126982809511479059100617027892880227587855877479432885604404402435662802390484099065871430585284534529627347717530352189612077130606642676951640071336717026459037542552927905851171460589361570392199748753414855675665635003335769915908187224347232807336022456537328962095005323382940080676931822787496212635993279098588863972868266229522169377
  public exponent: 65537
  Validity: [From: Fri Aug 14 16:50:00 CEST 1998,
               To: Thu Aug 15 01:59:00 CEST 2013]
  Issuer: CN=GTE CyberTrust Root 5, OU="GTE CyberTrust Solutions, Inc.", O=GTE Corporation, C=US
  SerialNumber: [    01b6]

Certificate Extensions: 4
[1]: ObjectId: 2.5.29.19 Criticality=true
BasicConstraints:[
  CA:true
  PathLen:5
]

[2]: ObjectId: 2.5.29.32 Criticality=false
CertificatePolicies [
  [CertificatePolicyId: [1.2.840.113763.1.2.1.3]
[]  ]
]

[3]: ObjectId: 2.5.29.15 Criticality=true
KeyUsage [
  Key_CertSign
  Crl_Sign
]

[4]: ObjectId: 2.5.29.14 Criticality=false
SubjectKeyIdentifier [
KeyIdentifier [
0000: 76 0A 49 21 38 4C 9F DE   F8 C4 49 C7 71 71 91 9D  v.I!8L....I.qq..
]
]

]
  Algorithm: [SHA1withRSA]
  Signature:
0000: 41 3A D4 18 5B DA B8 DE   21 1C E1 8E 09 E5 F1 68  A:..[...!......h
0010: 34 FF DE 96 F4 07 F5 A7   3C F3 AC 4A B1 9B FA 92  4.......<..J....
0020: FA 9B ED E6 32 21 AA 4A   76 C5 DC 4F 38 E5 DF D5  ....2!.Jv..O8...
0030: 86 E4 D5 C8 76 7D 98 D7   B1 CD 8F 4D B5 91 23 6C  ....v......M..#l
0040: 8B 8A EB EA 7C EF 14 94   C4 C6 F0 1F 4A 2D 32 71  ............J-2q
0050: 63 2B 63 91 26 02 09 B6   80 1D ED E2 CC B8 7F DB  c+c.&...........
0060: 87 63 C8 E1 D0 6C 26 B1   35 1D 40 66 10 1B CD 95  .c...l&.5.@f....
0070: 54 18 33 61 EC 13 4F DA   13 F7 99 AF 3E D0 CF 8E  T.3a..O.....>...
0080: A6 72 A2 B3 C3 05 9A C9   27 7D 92 CC 7E 52 8D B3  .r......'....R..
0090: AB 70 6D 9E 89 9F 4D EB   1A 75 C2 98 AA D5 02 16  .pm...M..u......
00A0: D7 0C 8A BF 25 E4 EB 2D   BC 98 E9 58 38 19 7C B9  ....%..-...X8...
00B0: 37 FE DB E2 99 08 73 06   C7 97 83 6A 7D 10 01 2F  7.....s....j.../
00C0: 32 B9 17 05 4A 65 E6 2F   CE BE 5E 53 A6 82 E9 9A  2...Je./..^S....
00D0: 53 0A 84 74 2D 83 CA C8   94 16 76 5F 94 61 28 F0  S..t-.....v_.a(.
00E0: 85 A7 39 BB D7 8B D9 A8   B2 13 1D 54 09 34 24 7D  ..9........T.4$.
00F0: 20 81 7D 66 7E A2 90 74   5C 10 C6 BD EC AB 1B C2   ..f...t\.......

]]]

[2017-06-30T13:44:38.468+0200] [glassfish 4.0] [INFO] [security.secmgroff] [javax.enterprise.system.core.security.com.sun.enterprise.security] [tid: _ThreadID=34 _ThreadName=admin-listener(1)] [timeMillis: 1498823078468] [levelValue: 800] [[
  SEC1002: Security Manager is OFF.]]

[2017-06-30T13:44:38.468+0200] [glassfish 4.0] [INFO] [sec.service.startup.enter] [javax.enterprise.system.core.security.com.sun.enterprise.security] [tid: _ThreadID=34 _ThreadName=admin-listener(1)] [timeMillis: 1498823078468] [levelValue: 800] [[
  SEC1010: Entering Security Startup Service]]

[2017-06-30T13:44:38.471+0200] [glassfish 4.0] [INFO] [policy.loading] [javax.enterprise.system.core.security.com.sun.enterprise.security] [tid: _ThreadID=34 _ThreadName=admin-listener(1)] [timeMillis: 1498823078471] [levelValue: 800] [[
  SEC1143: Loading policy provider com.sun.enterprise.security.provider.PolicyWrapper.]]

[2017-06-30T13:44:38.514+0200] [glassfish 4.0] [INFO] [sec.service.startup.exit] [javax.enterprise.system.core.security.com.sun.enterprise.security] [tid: _ThreadID=34 _ThreadName=admin-listener(1)] [timeMillis: 1498823078514] [levelValue: 800] [[
  SEC1011: Security Service(s) Started Successfully]]

[2017-06-30T13:44:38.806+0200] [glassfish 4.0] [INFO] [AS-WEB-GLUE-00198] [javax.enterprise.web] [tid: _ThreadID=34 _ThreadName=admin-listener(1)] [timeMillis: 1498823078806] [levelValue: 800] [[
  Created HTTP listener http-listener-1 on host/port 0.0.0.0:8080]]

[2017-06-30T13:44:38.814+0200] [glassfish 4.0] [INFO] [AS-WEB-GLUE-00198] [javax.enterprise.web] [tid: _ThreadID=34 _ThreadName=admin-listener(1)] [timeMillis: 1498823078814] [levelValue: 800] [[
  Created HTTP listener http-listener-2 on host/port 0.0.0.0:8181]]

[2017-06-30T13:44:38.816+0200] [glassfish 4.0] [INFO] [AS-WEB-GLUE-00198] [javax.enterprise.web] [tid: _ThreadID=34 _ThreadName=admin-listener(1)] [timeMillis: 1498823078816] [levelValue: 800] [[
  Created HTTP listener admin-listener on host/port 0.0.0.0:5000]]

[2017-06-30T13:44:38.841+0200] [glassfish 4.0] [INFO] [AS-WEB-GLUE-00200] [javax.enterprise.web] [tid: _ThreadID=34 _ThreadName=admin-listener(1)] [timeMillis: 1498823078841] [levelValue: 800] [[
  Created virtual server server]]

[2017-06-30T13:44:38.844+0200] [glassfish 4.0] [INFO] [AS-WEB-GLUE-00200] [javax.enterprise.web] [tid: _ThreadID=34 _ThreadName=admin-listener(1)] [timeMillis: 1498823078844] [levelValue: 800] [[
  Created virtual server __asadmin]]

[2017-06-30T13:44:38.999+0200] [glassfish 4.0] [INFO] [AS-WEB-CORE-00306] [javax.enterprise.web.core] [tid: _ThreadID=34 _ThreadName=admin-listener(1)] [timeMillis: 1498823078999] [levelValue: 800] [[
  Setting JAAS app name glassfish-web]]

[2017-06-30T13:44:39.000+0200] [glassfish 4.0] [INFO] [AS-WEB-GLUE-00201] [javax.enterprise.web] [tid: _ThreadID=34 _ThreadName=admin-listener(1)] [timeMillis: 1498823079000] [levelValue: 800] [[
  Virtual server server loaded default web module ]]

[2017-06-30T13:44:39.281+0200] [glassfish 4.0] [INFO] [] [javax.enterprise.system.tools.deployment.common] [tid: _ThreadID=34 _ThreadName=admin-listener(1)] [timeMillis: 1498823079281] [levelValue: 800] [[
  visiting unvisited references]]

[2017-06-30T13:44:39.292+0200] [glassfish 4.0] [INFO] [] [javax.enterprise.system.tools.deployment.common] [tid: _ThreadID=34 _ThreadName=admin-listener(1)] [timeMillis: 1498823079292] [levelValue: 800] [[
  visiting unvisited references]]

[2017-06-30T13:44:39.638+0200] [glassfish 4.0] [INFO] [] [org.glassfish.tyrus.servlet.TyrusServletContainerInitializer] [tid: _ThreadID=34 _ThreadName=admin-listener(1)] [timeMillis: 1498823079638] [levelValue: 800] [[
  Registering WebSocket filter for url pattern /*]]

[2017-06-30T13:44:39.740+0200] [glassfish 4.0] [INFO] [AS-WEB-GLUE-00172] [javax.enterprise.web] [tid: _ThreadID=34 _ThreadName=admin-listener(1)] [timeMillis: 1498823079740] [levelValue: 800] [[
  Loading application [hephaistos_project] at [/hephaistos_project]]]

[2017-06-30T13:44:39.850+0200] [glassfish 4.0] [INFO] [] [javax.enterprise.system.core] [tid: _ThreadID=34 _ThreadName=admin-listener(1)] [timeMillis: 1498823079850] [levelValue: 800] [[
  hephaistos_project was successfully deployed in 1,924 milliseconds.]]

[2017-06-30T13:47:46.944+0200] [glassfish 4.0] [INFO] [] [] [tid: _ThreadID=20 _ThreadName=Thread-3] [timeMillis: 1498823266944] [levelValue: 800] [[
  [CONNEXION]]]

[2017-06-30T13:48:51.804+0200] [glassfish 4.0] [INFO] [] [] [tid: _ThreadID=21 _ThreadName=Thread-3] [timeMillis: 1498823331804] [levelValue: 800] [[
  message : { id : giroscope, Val : NULL, date : Fri Jun 30 13:48:51 CEST 2017, commande : deccrocherCapteur }]]

[2017-06-30T13:48:51.805+0200] [glassfish 4.0] [INFO] [] [] [tid: _ThreadID=21 _ThreadName=Thread-3] [timeMillis: 1498823331805] [levelValue: 800] [[
  Capteurs connecté : [giroscope]]]

[2017-06-30T13:49:27.567+0200] [glassfish 4.0] [INFO] [] [] [tid: _ThreadID=22 _ThreadName=Thread-3] [timeMillis: 1498823367567] [levelValue: 800] [[
  message : { id : giroscope2, Val : 25, date : Fri Jun 30 13:49:27 CEST 2017, commande : NULL }]]

[2017-06-30T13:49:27.567+0200] [glassfish 4.0] [INFO] [] [] [tid: _ThreadID=22 _ThreadName=Thread-3] [timeMillis: 1498823367567] [levelValue: 800] [[
  Capteurs connecté : [giroscope, giroscope2]]]

[2017-06-30T13:49:35.142+0200] [glassfish 4.0] [INFO] [] [] [tid: _ThreadID=23 _ThreadName=Thread-3] [timeMillis: 1498823375142] [levelValue: 800] [[
  message : { id : giroscope2, Val : 25, date : Fri Jun 30 13:49:35 CEST 2017, commande : NULL }]]

[2017-06-30T13:49:35.142+0200] [glassfish 4.0] [INFO] [] [] [tid: _ThreadID=23 _ThreadName=Thread-3] [timeMillis: 1498823375142] [levelValue: 800] [[
  Capteurs connecté : [giroscope, giroscope2]]]

[2017-06-30T13:49:39.086+0200] [glassfish 4.0] [INFO] [] [] [tid: _ThreadID=24 _ThreadName=Thread-3] [timeMillis: 1498823379086] [levelValue: 800] [[
  [CONNEXION]]]

[2017-06-30T13:49:41.861+0200] [glassfish 4.0] [INFO] [] [] [tid: _ThreadID=20 _ThreadName=Thread-3] [timeMillis: 1498823381861] [levelValue: 800] [[
  message : { id : giroscope2, Val : 25, date : Fri Jun 30 13:49:41 CEST 2017, commande : NULL }]]

[2017-06-30T13:49:41.861+0200] [glassfish 4.0] [INFO] [] [] [tid: _ThreadID=20 _ThreadName=Thread-3] [timeMillis: 1498823381861] [levelValue: 800] [[
  Capteurs connecté : [giroscope, giroscope2]]]

[2017-06-30T13:50:03.417+0200] [glassfish 4.0] [INFO] [] [] [tid: _ThreadID=21 _ThreadName=Thread-3] [timeMillis: 1498823403417] [levelValue: 800] [[
  [DECONNEXION] null]]

[2017-06-30T13:50:03.504+0200] [glassfish 4.0] [INFO] [] [] [tid: _ThreadID=24 _ThreadName=Thread-3] [timeMillis: 1498823403504] [levelValue: 800] [[
  [CONNEXION]]]

[2017-06-30T13:50:05.644+0200] [glassfish 4.0] [INFO] [] [] [tid: _ThreadID=20 _ThreadName=Thread-3] [timeMillis: 1498823405644] [levelValue: 800] [[
  [DECONNEXION] null]]

[2017-06-30T13:50:05.685+0200] [glassfish 4.0] [INFO] [] [] [tid: _ThreadID=21 _ThreadName=Thread-3] [timeMillis: 1498823405685] [levelValue: 800] [[
  [CONNEXION]]]

[2017-06-30T13:50:09.130+0200] [glassfish 4.0] [INFO] [] [] [tid: _ThreadID=22 _ThreadName=Thread-3] [timeMillis: 1498823409130] [levelValue: 800] [[
  message : { id : giroscope2, Val : 25, date : Fri Jun 30 13:50:09 CEST 2017, commande : NULL }]]

[2017-06-30T13:50:09.130+0200] [glassfish 4.0] [INFO] [] [] [tid: _ThreadID=22 _ThreadName=Thread-3] [timeMillis: 1498823409130] [levelValue: 800] [[
  Capteurs connecté : [giroscope, giroscope2]]]

[2017-06-30T13:50:14.934+0200] [glassfish 4.0] [INFO] [] [] [tid: _ThreadID=24 _ThreadName=Thread-3] [timeMillis: 1498823414934] [levelValue: 800] [[
  message : { id : giroscope, Val : NULL, date : Fri Jun 30 13:50:14 CEST 2017, commande : deccrocherCapteur }]]

[2017-06-30T13:50:14.934+0200] [glassfish 4.0] [INFO] [] [] [tid: _ThreadID=24 _ThreadName=Thread-3] [timeMillis: 1498823414934] [levelValue: 800] [[
  Capteurs connecté : [giroscope, giroscope2]]]

[2017-06-30T13:50:24.717+0200] [glassfish 4.0] [INFO] [] [] [tid: _ThreadID=23 _ThreadName=Thread-3] [timeMillis: 1498823424717] [levelValue: 800] [[
  message : { id : giroscope, Val : 25, date : Fri Jun 30 13:50:24 CEST 2017, commande : NULL }]]

[2017-06-30T13:50:24.717+0200] [glassfish 4.0] [INFO] [] [] [tid: _ThreadID=23 _ThreadName=Thread-3] [timeMillis: 1498823424717] [levelValue: 800] [[
  Capteurs connecté : [giroscope, giroscope2]]]

[2017-06-30T13:50:32.119+0200] [glassfish 4.0] [INFO] [] [] [tid: _ThreadID=20 _ThreadName=Thread-3] [timeMillis: 1498823432119] [levelValue: 800] [[
  message : { id : giroscope, Val : NULL, date : Fri Jun 30 13:50:32 CEST 2017, commande : deccrocherCapteur }]]

[2017-06-30T13:50:32.119+0200] [glassfish 4.0] [INFO] [] [] [tid: _ThreadID=20 _ThreadName=Thread-3] [timeMillis: 1498823432119] [levelValue: 800] [[
  Capteurs connecté : [giroscope, giroscope2]]]

[2017-06-30T14:07:35.300+0200] [glassfish 4.0] [INFO] [] [] [tid: _ThreadID=21 _ThreadName=Thread-3] [timeMillis: 1498824455300] [levelValue: 800] [[
  [CONNEXION]]]

[2017-06-30T14:08:00.467+0200] [glassfish 4.0] [INFO] [] [] [tid: _ThreadID=22 _ThreadName=Thread-3] [timeMillis: 1498824480467] [levelValue: 800] [[
  message : { id : giroscope, Val : 25, date : Fri Jun 30 14:08:00 CEST 2017, commande : NULL }]]

[2017-06-30T14:08:00.467+0200] [glassfish 4.0] [INFO] [] [] [tid: _ThreadID=22 _ThreadName=Thread-3] [timeMillis: 1498824480467] [levelValue: 800] [[
  Capteurs connecté : [giroscope, giroscope2]]]

[2017-06-30T14:08:13.165+0200] [glassfish 4.0] [INFO] [] [] [tid: _ThreadID=24 _ThreadName=Thread-3] [timeMillis: 1498824493165] [levelValue: 800] [[
  [DECONNEXION] null]]

[2017-06-30T14:08:13.215+0200] [glassfish 4.0] [INFO] [] [] [tid: _ThreadID=21 _ThreadName=Thread-3] [timeMillis: 1498824493215] [levelValue: 800] [[
  [CONNEXION]]]

[2017-06-30T14:08:25.702+0200] [glassfish 4.0] [INFO] [] [] [tid: _ThreadID=22 _ThreadName=Thread-3] [timeMillis: 1498824505702] [levelValue: 800] [[
  message : { id : giroscope, Val : 25, date : Fri Jun 30 14:08:25 CEST 2017, commande : NULL }]]

[2017-06-30T14:08:25.702+0200] [glassfish 4.0] [INFO] [] [] [tid: _ThreadID=22 _ThreadName=Thread-3] [timeMillis: 1498824505702] [levelValue: 800] [[
  Capteurs connecté : [giroscope, giroscope2]]]

[2017-06-30T14:10:17.553+0200] [glassfish 4.0] [INFO] [] [] [tid: _ThreadID=24 _ThreadName=Thread-3] [timeMillis: 1498824617553] [levelValue: 800] [[
  message : { id : UV, Val : 25, date : Fri Jun 30 14:10:17 CEST 2017, commande : NULL }]]

[2017-06-30T14:10:17.553+0200] [glassfish 4.0] [INFO] [] [] [tid: _ThreadID=24 _ThreadName=Thread-3] [timeMillis: 1498824617553] [levelValue: 800] [[
  Capteurs connecté : [giroscope, giroscope2, UV]]]

[2017-06-30T14:10:38.087+0200] [glassfish 4.0] [INFO] [] [] [tid: _ThreadID=23 _ThreadName=Thread-3] [timeMillis: 1498824638087] [levelValue: 800] [[
  message : { id : UV, Val : 89, date : Fri Jun 30 14:10:38 CEST 2017, commande : NULL }]]

[2017-06-30T14:10:38.087+0200] [glassfish 4.0] [INFO] [] [] [tid: _ThreadID=23 _ThreadName=Thread-3] [timeMillis: 1498824638087] [levelValue: 800] [[
  Capteurs connecté : [giroscope, giroscope2, UV]]]

[2017-06-30T14:10:53.432+0200] [glassfish 4.0] [INFO] [] [] [tid: _ThreadID=20 _ThreadName=Thread-3] [timeMillis: 1498824653432] [levelValue: 800] [[
  message : { id : UV, Val : 89, date : Fri Jun 30 14:10:53 CEST 2017, commande : NULL }]]

[2017-06-30T14:10:53.432+0200] [glassfish 4.0] [INFO] [] [] [tid: _ThreadID=20 _ThreadName=Thread-3] [timeMillis: 1498824653432] [levelValue: 800] [[
  Capteurs connecté : [giroscope, giroscope2, UV]]]

[2017-06-30T14:11:01.608+0200] [glassfish 4.0] [INFO] [] [] [tid: _ThreadID=21 _ThreadName=Thread-3] [timeMillis: 1498824661608] [levelValue: 800] [[
  message : { id : UV, Val : 89, date : Fri Jun 30 14:11:01 CEST 2017, commande : NULL }]]

[2017-06-30T14:11:01.608+0200] [glassfish 4.0] [INFO] [] [] [tid: _ThreadID=21 _ThreadName=Thread-3] [timeMillis: 1498824661608] [levelValue: 800] [[
  Capteurs connecté : [giroscope, giroscope2, UV]]]

[2017-06-30T14:11:02.847+0200] [glassfish 4.0] [INFO] [] [] [tid: _ThreadID=22 _ThreadName=Thread-3] [timeMillis: 1498824662847] [levelValue: 800] [[
  message : { id : UV, Val : 89, date : Fri Jun 30 14:11:02 CEST 2017, commande : NULL }]]

[2017-06-30T14:11:02.847+0200] [glassfish 4.0] [INFO] [] [] [tid: _ThreadID=22 _ThreadName=Thread-3] [timeMillis: 1498824662847] [levelValue: 800] [[
  Capteurs connecté : [giroscope, giroscope2, UV]]]

[2017-06-30T14:11:05.427+0200] [glassfish 4.0] [INFO] [] [] [tid: _ThreadID=24 _ThreadName=Thread-3] [timeMillis: 1498824665427] [levelValue: 800] [[
  message : { id : UV, Val : 89, date : Fri Jun 30 14:11:05 CEST 2017, commande : NULL }]]

[2017-06-30T14:11:05.427+0200] [glassfish 4.0] [INFO] [] [] [tid: _ThreadID=24 _ThreadName=Thread-3] [timeMillis: 1498824665427] [levelValue: 800] [[
  Capteurs connecté : [giroscope, giroscope2, UV]]]

[2017-06-30T14:39:26.827+0200] [glassfish 4.0] [INFO] [] [] [tid: _ThreadID=20 _ThreadName=Thread-3] [timeMillis: 1498826366827] [levelValue: 800] [[
  [CONNEXION]]]

[2017-06-30T14:39:30.747+0200] [glassfish 4.0] [INFO] [] [] [tid: _ThreadID=21 _ThreadName=Thread-3] [timeMillis: 1498826370747] [levelValue: 800] [[
  message : { id : test, Val : 2", date : 2017-06-30T12:39:30.721Z, commande : NULL }]]

[2017-06-30T14:39:30.747+0200] [glassfish 4.0] [INFO] [] [] [tid: _ThreadID=21 _ThreadName=Thread-3] [timeMillis: 1498826370747] [levelValue: 800] [[
  Capteurs connecté : [giroscope, giroscope2, UV, test]]]

