[2017-07-04T09:16:35.706+0000] [] [INFO] [NCLS-GFLAUNCHER-00005] [javax.enterprise.launcher] [tid: _ThreadID=1 _ThreadName=main] [timeMillis: 1499159795706] [levelValue: 800] [[
  JVM invocation command line:
/usr/lib/jvm/jdk-8-oracle-arm32-vfp-hflt/bin/java
-cp
/home/pi/hephaistos_application/glassfish4/glassfish/modules/glassfish.jar
-XX:+UnlockDiagnosticVMOptions
-XX:NewRatio=2
-XX:MaxPermSize=192m
-Xmx512m
-javaagent:/home/pi/hephaistos_application/glassfish4/glassfish/lib/monitor/flashlight-agent.jar
-client
-Djavax.net.ssl.trustStore=/home/pi/hephaistos_application/glassfish4/glassfish/domains/domainPort80/config/cacerts.jks
-Dfelix.fileinstall.dir=/home/pi/hephaistos_application/glassfish4/glassfish/modules/autostart/
-Dorg.glassfish.additionalOSGiBundlesToStart=org.apache.felix.shell,org.apache.felix.gogo.runtime,org.apache.felix.gogo.shell,org.apache.felix.gogo.command,org.apache.felix.shell.remote,org.apache.felix.fileinstall
-Dcom.sun.aas.installRoot=/home/pi/hephaistos_application/glassfish4/glassfish
-Dfelix.fileinstall.poll=5000
-Djava.endorsed.dirs=/home/pi/hephaistos_application/glassfish4/glassfish/modules/endorsed:/home/pi/hephaistos_application/glassfish4/glassfish/lib/endorsed
-Djava.security.policy=/home/pi/hephaistos_application/glassfish4/glassfish/domains/domainPort80/config/server.policy
-Dosgi.shell.telnet.maxconn=1
-Dfelix.fileinstall.bundles.startTransient=true
-Dcom.sun.enterprise.config.config_environment_factory_class=com.sun.enterprise.config.serverbeans.AppserverConfigEnvironmentFactory
-Dfelix.fileinstall.log.level=2
-Djavax.net.ssl.keyStore=/home/pi/hephaistos_application/glassfish4/glassfish/domains/domainPort80/config/keystore.jks
-Djava.security.auth.login.config=/home/pi/hephaistos_application/glassfish4/glassfish/domains/domainPort80/config/login.conf
-Dfelix.fileinstall.disableConfigSave=false
-Dfelix.fileinstall.bundles.new.start=true
-Dcom.sun.aas.instanceRoot=/home/pi/hephaistos_application/glassfish4/glassfish/domains/domainPort80
-Dosgi.shell.telnet.port=6666
-Dgosh.args=--nointeractive
-Dcom.sun.enterprise.security.httpsOutboundKeyAlias=s1as
-Dosgi.shell.telnet.ip=127.0.0.1
-DANTLR_USE_DIRECT_CLASS_LOADING=true
-Djava.awt.headless=true
-Djava.ext.dirs=/usr/lib/jvm/jdk-8-oracle-arm32-vfp-hflt/lib/ext:/usr/lib/jvm/jdk-8-oracle-arm32-vfp-hflt/jre/lib/ext:/home/pi/hephaistos_application/glassfish4/glassfish/domains/domainPort80/lib/ext
-Djdbc.drivers=org.apache.derby.jdbc.ClientDriver
-Djava.library.path=/home/pi/hephaistos_application/glassfish4/glassfish/lib:/usr/java/packages/lib/arm:/lib:/usr/lib
com.sun.enterprise.glassfish.bootstrap.ASMain
-upgrade
false
-domaindir
/home/pi/hephaistos_application/glassfish4/glassfish/domains/domainPort80
-read-stdin
true
-asadmin-args
--host,,,localhost,,,--port,,,4848,,,--secure=false,,,--terse=false,,,--echo=false,,,--interactive=true,,,start-domain,,,--verbose=false,,,--watchdog=false,,,--debug=false,,,--domaindir,,,/home/pi/hephaistos_application/glassfish4/glassfish/domains,,,domainPort80
-domainname
domainPort80
-instancename
server
-type
DAS
-verbose
false
-asadmin-classpath
/home/pi/hephaistos_application/glassfish4/glassfish/lib/client/appserver-cli.jar
-debug
false
-asadmin-classname
com.sun.enterprise.admin.cli.AdminMain]]

[2017-07-04T09:17:49.562+0000] [glassfish 4.0] [INFO] [NCLS-LOGGING-00009] [javax.enterprise.logging] [tid: _ThreadID=1 _ThreadName=main] [timeMillis: 1499159869562] [levelValue: 800] [[
  Running GlassFish Version: GlassFish Server Open Source Edition  4.0  (build 89)]]

[2017-07-04T09:17:49.608+0000] [glassfish 4.0] [INFO] [NCLS-LOGGING-00010] [javax.enterprise.logging] [tid: _ThreadID=1 _ThreadName=main] [timeMillis: 1499159869608] [levelValue: 800] [[
  Server log file is using Formatter class: com.sun.enterprise.server.logging.ODLLogFormatter]]

[2017-07-04T09:17:53.681+0000] [glassfish 4.0] [INFO] [realm.loaded.successfully] [javax.enterprise.system.core.security.com.sun.enterprise.security.auth.realm] [tid: _ThreadID=1 _ThreadName=main] [timeMillis: 1499159873681] [levelValue: 800] [[
  SEC1115: Realm [admin-realm] of classtype [com.sun.enterprise.security.auth.realm.file.FileRealm] successfully created.]]

[2017-07-04T09:17:53.730+0000] [glassfish 4.0] [INFO] [realm.loaded.successfully] [javax.enterprise.system.core.security.com.sun.enterprise.security.auth.realm] [tid: _ThreadID=1 _ThreadName=main] [timeMillis: 1499159873730] [levelValue: 800] [[
  SEC1115: Realm [file] of classtype [com.sun.enterprise.security.auth.realm.file.FileRealm] successfully created.]]

[2017-07-04T09:17:53.991+0000] [glassfish 4.0] [INFO] [realm.loaded.successfully] [javax.enterprise.system.core.security.com.sun.enterprise.security.auth.realm] [tid: _ThreadID=1 _ThreadName=main] [timeMillis: 1499159873991] [levelValue: 800] [[
  SEC1115: Realm [certificate] of classtype [com.sun.enterprise.security.auth.realm.certificate.CertificateRealm] successfully created.]]

[2017-07-04T09:18:03.838+0000] [glassfish 4.0] [INFO] [] [javax.enterprise.system.core] [tid: _ThreadID=1 _ThreadName=main] [timeMillis: 1499159883838] [levelValue: 800] [[
  Grizzly Framework 2.3.1 started in: 482ms - bound to [/0.0.0.0:8,080]]]

[2017-07-04T09:18:04.516+0000] [glassfish 4.0] [INFO] [] [javax.enterprise.system.core] [tid: _ThreadID=1 _ThreadName=main] [timeMillis: 1499159884516] [levelValue: 800] [[
  Grizzly Framework 2.3.1 started in: 18ms - bound to [/0.0.0.0:8,181]]]

[2017-07-04T09:18:04.670+0000] [glassfish 4.0] [INFO] [] [javax.enterprise.system.core] [tid: _ThreadID=1 _ThreadName=main] [timeMillis: 1499159884670] [levelValue: 800] [[
  Grizzly Framework 2.3.1 started in: 20ms - bound to [/0.0.0.0:4,848]]]

[2017-07-04T09:18:06.834+0000] [glassfish 4.0] [INFO] [] [javax.enterprise.system.core.security.org.glassfish.security.services.impl.authorization] [tid: _ThreadID=1 _ThreadName=main] [timeMillis: 1499159886834] [levelValue: 800] [[
  Authorization Service has successfully initialized.]]

[2017-07-04T09:18:07.945+0000] [glassfish 4.0] [INFO] [] [javax.enterprise.system.core] [tid: _ThreadID=1 _ThreadName=main] [timeMillis: 1499159887945] [levelValue: 800] [[
  Grizzly Framework 2.3.1 started in: 20ms - bound to [/0.0.0.0:3,700]]]

[2017-07-04T09:18:10.227+0000] [glassfish 4.0] [INFO] [] [org.hibernate.validator.internal.util.Version] [tid: _ThreadID=1 _ThreadName=main] [timeMillis: 1499159890227] [levelValue: 800] [[
  HV000001: Hibernate Validator 5.0.0.Final]]

[2017-07-04T09:18:18.803+0000] [glassfish 4.0] [INFO] [] [org.glassfish.ha.store.spi.BackingStoreFactoryRegistry] [tid: _ThreadID=1 _ThreadName=main] [timeMillis: 1499159898803] [levelValue: 800] [[
  Registered org.glassfish.ha.store.adapter.cache.ShoalBackingStoreProxy for persistence-type = replicated in BackingStoreFactoryRegistry]]

[2017-07-04T09:18:19.898+0000] [glassfish 4.0] [INFO] [NCLS-CORE-00017] [javax.enterprise.system.core] [tid: _ThreadID=1 _ThreadName=main] [timeMillis: 1499159899898] [levelValue: 800] [[
  GlassFish Server Open Source Edition  4.0  (89) startup time : Felix (67,810ms), startup services(32,249ms), total(100,059ms)]]

[2017-07-04T09:18:30.393+0000] [glassfish 4.0] [INFO] [] [org.glassfish.jersey.server.ApplicationHandler] [tid: _ThreadID=58 _ThreadName=pool-13-thread-1] [timeMillis: 1499159910393] [levelValue: 800] [[
  Initiating Jersey application, version Jersey: 2.0 2013-05-03 14:50:15...]]

[2017-07-04T09:18:42.863+0000] [glassfish 4.0] [INFO] [] [javax.enterprise.system.core] [tid: _ThreadID=1 _ThreadName=main] [timeMillis: 1499159922863] [levelValue: 800] [[
  Grizzly Framework 2.3.1 started in: 34ms - bound to [/0.0.0.0:7,676]]]

[2017-07-04T09:18:59.197+0000] [glassfish 4.0] [INFO] [NCLS-BOOTSTRAP-00027] [javax.enterprise.bootstrap] [tid: _ThreadID=1 _ThreadName=main] [timeMillis: 1499159939197] [levelValue: 800] [[
  Registered com.sun.enterprise.glassfish.bootstrap.osgi.EmbeddedOSGiGlassFishImpl@1a6a494 as OSGi service registration: org.apache.felix.framework.ServiceRegistrationImpl@1ce88c4.]]

[2017-07-04T09:19:06.663+0000] [glassfish 4.0] [INFO] [NCLS-JMX-00005] [javax.enterprise.system.jmx] [tid: _ThreadID=74 _ThreadName=Thread-11] [timeMillis: 1499159946663] [levelValue: 800] [[
  JMXStartupService has started JMXConnector on JMXService URL service:jmx:rmi://raspberrypi:8686/jndi/rmi://raspberrypi:8686/jmxrmi]]

